<?xml version="1.0" encoding="UTF-8"?>
<testsuite xmlns:xsi="http://www.w3.org/2001/XMLSchema-instance" xsi:noNamespaceSchemaLocation="https://maven.apache.org/surefire/maven-surefire-plugin/xsd/surefire-test-report.xsd" version="3.0.2" name="com.fullstack_venta.fullstack_venta.FullstackVentaApplicationTests" time="6.187" tests="1" errors="0" skipped="0" failures="0" flakes="0">
  <properties>
[...]
</properties>
  <testcase name="contextLoads" classname="com.fullstack_venta.fullstack_venta.FullstackVentaApplicationTests" time="0.015">
    <system-out><![CDATA[2026-05-10T22:57:27.123-04:00 DEBUG 17245 --- [fullstack_venta] [           main] .b.t.c.SpringBootTestContextBootstrapper : Neither @ContextConfiguration nor @ContextHierarchy found for test class [FullstackVentaApplicationTests]: using SpringBootContextLoader
2026-05-10T22:57:27.125-04:00 DEBUG 17245 --- [fullstack_venta] [           main] o.s.t.c.support.AbstractContextLoader    : Could not detect default resource locations for test class [com.fullstack_venta.fullstack_venta.FullstackVentaApplicationTests]: no resource found for suffixes {-context.xml, Context.groovy}.
2026-05-10T22:57:27.125-04:00  INFO 17245 --- [fullstack_venta] [           main] t.c.s.AnnotationConfigContextLoaderUtils : Could not detect default configuration classes for test class [com.fullstack_venta.fullstack_venta.FullstackVentaApplicationTests]: FullstackVentaApplicationTests does not declare any static, non-private, non-final, nested classes annotated with @Configuration.
2026-05-10T22:57:27.126-04:00 DEBUG 17245 --- [fullstack_venta] [           main] .b.t.c.SpringBootTestContextBootstrapper : Using ContextCustomizerFactory implementations for test class [FullstackVentaApplicationTests]: [ImportsContextCustomizerFactory, ExcludeFilterContextCustomizerFactory, HttpGraphQlTesterContextCustomizerFactory, DuplicateJsonObjectContextCustomizerFactory, MockitoContextCustomizerFactory, TestRestTemplateContextCustomizerFactory, WebTestClientContextCustomizerFactory, DisableReactorResourceFactoryGlobalResourcesContextCustomizerFactory, OnFailureConditionReportContextCustomizerFactory, OverrideAutoConfigurationContextCustomizerFactory, ObservabilityContextCustomizerFactory, TypeExcludeFiltersContextCustomizerFactory, PropertyMappingContextCustomizerFactory, WebDriverContextCustomizerFactory, BeanOverrideContextCustomizerFactory, MockServerContainerContextCustomizerFactory, DynamicPropertiesContextCustomizerFactory]
2026-05-10T22:57:27.129-04:00 DEBUG 17245 --- [fullstack_venta] [           main] .b.t.c.SpringBootTestContextBootstrapper : Using ContextCustomizers for test class [FullstackVentaApplicationTests]: [ExcludeFilterContextCustomizer, DuplicateJsonObjectContextCustomizer, MockitoContextCustomizer, TestRestTemplateContextCustomizer, DisableReactorResourceFactoryGlobalResourcesContextCustomizerCustomizer, OnFailureConditionReportContextCustomizer, DisableObservabilityContextCustomizer, PropertyMappingContextCustomizer, WebDriverContextCustomizer, DynamicPropertiesContextCustomizer]
2026-05-10T22:57:27.129-04:00  INFO 17245 --- [fullstack_venta] [           main] .b.t.c.SpringBootTestContextBootstrapper : Found @SpringBootConfiguration com.fullstack_venta.fullstack_venta.FullstackVentaApplication for test class com.fullstack_venta.fullstack_venta.FullstackVentaApplicationTests
2026-05-10T22:57:27.133-04:00 DEBUG 17245 --- [fullstack_venta] [           main] .s.t.c.u.TestContextSpringFactoriesUtils : Skipping candidate TestExecutionListener [org.springframework.test.context.observation.MicrometerObservationRegistryTestExecutionListener] due to a missing dependency. Specify custom TestExecutionListener classes or make the default TestExecutionListener classes and their required dependencies available. Offending class: io.micrometer.context.ThreadLocalAccessor. MicrometerObservationRegistryTestExecutionListener requires io.micrometer:micrometer-observation:1.10.8 or higher and io.micrometer:context-propagation:1.0.3 or higher.
2026-05-10T22:57:27.134-04:00 DEBUG 17245 --- [fullstack_venta] [           main] .b.t.c.SpringBootTestContextBootstrapper : Using TestExecutionListeners for test class [FullstackVentaApplicationTests]: [ServletTestExecutionListener, DirtiesContextBeforeModesTestExecutionListener, ApplicationEventsTestExecutionListener, MockitoTestExecutionListener, BeanOverrideTestExecutionListener, DependencyInjectionTestExecutionListener, DirtiesContextTestExecutionListener, CommonCachesTestExecutionListener, TransactionalTestExecutionListener, SqlScriptsTestExecutionListener, EventPublishingTestExecutionListener, ResetMocksTestExecutionListener, RestDocsTestExecutionListener, MockRestServiceServerResetTestExecutionListener, MockMvcPrintOnlyOnFailureTestExecutionListener, WebDriverTestExecutionListener, MockWebServiceServerTestExecutionListener, MockitoResetTestExecutionListener]
2026-05-10T22:57:27.134-04:00 DEBUG 17245 --- [fullstack_venta] [           main] sContextBeforeModesTestExecutionListener : Before test class: class [FullstackVentaApplicationTests], class annotated with @DirtiesContext [false] with mode [null]
2026-05-10T22:57:27.163-04:00 DEBUG 17245 --- [fullstack_venta] [           main] .s.b.w.s.c.ApplicationServletEnvironment : Activating profiles []
2026-05-10T22:57:27.165-04:00 DEBUG 17245 --- [fullstack_venta] [           main] o.s.c.e.PropertySourcesPropertyResolver  : Found key 'spring.application.name' in PropertySource 'configurationProperties' with value of type String

  .   ____          _            __ _ _
 /\\ / ___'_ __ _ _(_)_ __  __ _ \ \ \ \
( ( )\___ | '_ | '_| | '_ \/ _` | \ \ \ \
 \\/  ___)| |_)| | | | | || (_| |  ) ) ) )
  '  |____| .__|_| |_|_| |_\__, | / / / /
 =========|_|==============|___/=/_/_/_/

 :: Spring Boot ::               (v3.5.12)

2026-05-10T22:57:27.171-04:00  INFO 17245 --- [fullstack_venta] [           main] c.f.f.FullstackVentaApplicationTests     : Starting FullstackVentaApplicationTests using Java 21.0.11 with PID 17245 (started by krhisnaoyanedelyanez in /Users/krhisnaoyanedelyanez/Desktop/Inge Desarrollo de Software/BIMESTRE VI/DESARROLLO FULLSTACK/EFT/FULLSTACK-VENTA)
2026-05-10T22:57:27.171-04:00  INFO 17245 --- [fullstack_venta] [           main] c.f.f.FullstackVentaApplicationTests     : No active profile set, falling back to 1 default profile: "default"
2026-05-10T22:57:27.171-04:00 DEBUG 17245 --- [fullstack_venta] [           main] o.s.boot.SpringApplication               : Loading source class com.fullstack_venta.fullstack_venta.FullstackVentaApplication
2026-05-10T22:57:27.174-04:00 DEBUG 17245 --- [fullstack_venta] [           main] o.s.w.c.s.GenericWebApplicationContext   : Refreshing org.springframework.web.context.support.GenericWebApplicationContext@44485db
2026-05-10T22:57:27.175-04:00 DEBUG 17245 --- [fullstack_venta] [           main] o.s.b.f.s.DefaultListableBeanFactory     : Creating shared instance of singleton bean 'org.springframework.context.annotation.internalConfigurationAnnotationProcessor'
2026-05-10T22:57:27.175-04:00 DEBUG 17245 --- [fullstack_venta] [           main] o.s.b.f.s.DefaultListableBeanFactory     : Creating shared instance of singleton bean 'org.springframework.boot.autoconfigure.internalCachingMetadataReaderFactory'
2026-05-10T22:57:27.184-04:00 DEBUG 17245 --- [fullstack_venta] [           main] o.s.c.a.ClassPathBeanDefinitionScanner   : Identified candidate component class: file [/Users/krhisnaoyanedelyanez/Desktop/Inge Desarrollo de Software/BIMESTRE VI/DESARROLLO FULLSTACK/EFT/FULLSTACK-VENTA/target/classes/com/fullstack_venta/fullstack_venta/controller/VentaController.class]
2026-05-10T22:57:27.186-04:00 DEBUG 17245 --- [fullstack_venta] [           main] o.s.c.a.ClassPathBeanDefinitionScanner   : Identified candidate component class: file [/Users/krhisnaoyanedelyanez/Desktop/Inge Desarrollo de Software/BIMESTRE VI/DESARROLLO FULLSTACK/EFT/FULLSTACK-VENTA/target/classes/com/fullstack_venta/fullstack_venta/exception/GlobalExceptionHandler.class]
2026-05-10T22:57:27.188-04:00 DEBUG 17245 --- [fullstack_venta] [           main] o.s.c.a.ClassPathBeanDefinitionScanner   : Ignored because not a concrete top-level class: file [/Users/krhisnaoyanedelyanez/Desktop/Inge Desarrollo de Software/BIMESTRE VI/DESARROLLO FULLSTACK/EFT/FULLSTACK-VENTA/target/classes/com/fullstack_venta/fullstack_venta/repository/VentaRepository.class]
2026-05-10T22:57:27.189-04:00 DEBUG 17245 --- [fullstack_venta] [           main] o.s.c.a.ClassPathBeanDefinitionScanner   : Identified candidate component class: file [/Users/krhisnaoyanedelyanez/Desktop/Inge Desarrollo de Software/BIMESTRE VI/DESARROLLO FULLSTACK/EFT/FULLSTACK-VENTA/target/classes/com/fullstack_venta/fullstack_venta/service/VentaServiceImpl.class]
2026-05-10T22:57:27.696-04:00  INFO 17245 --- [fullstack_venta] [           main] .s.d.r.c.RepositoryConfigurationDelegate : Bootstrapping Spring Data JPA repositories in DEFAULT mode.
2026-05-10T22:57:27.704-04:00 DEBUG 17245 --- [fullstack_venta] [           main] o.s.b.f.s.DefaultListableBeanFactory     : Creating shared instance of singleton bean 'org.springframework.boot.autoconfigure.AutoConfigurationPackages'
2026-05-10T22:57:27.705-04:00 DEBUG 17245 --- [fullstack_venta] [           main] o.s.b.a.AutoConfigurationPackages        : @EnableAutoConfiguration was declared on a class in the package 'com.fullstack_venta.fullstack_venta'. Automatic @Repository and @Entity scanning is enabled.
2026-05-10T22:57:27.705-04:00 DEBUG 17245 --- [fullstack_venta] [           main] .s.d.r.c.RepositoryConfigurationDelegate : Scanning for JPA repositories in packages com.fullstack_venta.fullstack_venta.
2026-05-10T22:57:27.712-04:00 DEBUG 17245 --- [fullstack_venta] [           main] o.s.d.r.c.RepositoryComponentProvider    : Identified candidate component class: file [/Users/krhisnaoyanedelyanez/Desktop/Inge Desarrollo de Software/BIMESTRE VI/DESARROLLO FULLSTACK/EFT/FULLSTACK-VENTA/target/classes/com/fullstack_venta/fullstack_venta/repository/VentaRepository.class]
2026-05-10T22:57:27.733-04:00 DEBUG 17245 --- [fullstack_venta] [           main] ssPathScanningCandidateComponentProvider : Identified candidate component class: file [/Users/krhisnaoyanedelyanez/Desktop/Inge Desarrollo de Software/BIMESTRE VI/DESARROLLO FULLSTACK/EFT/FULLSTACK-VENTA/target/classes/com/fullstack_venta/fullstack_venta/service/VentaServiceImpl.class]
2026-05-10T22:57:27.740-04:00  INFO 17245 --- [fullstack_venta] [           main] .s.d.r.c.RepositoryConfigurationDelegate : Finished Spring Data repository scanning in 34 ms. Found 1 JPA repository interface.
2026-05-10T22:57:27.787-04:00 DEBUG 17245 --- [fullstack_venta] [           main] o.s.b.f.s.DefaultListableBeanFactory     : Creating shared instance of singleton bean 'propertySourcesPlaceholderConfigurer'
2026-05-10T22:57:27.792-04:00 DEBUG 17245 --- [fullstack_venta] [           main] o.s.b.f.s.DefaultListableBeanFactory     : Creating shared instance of singleton bean 'org.springframework.boot.test.mock.mockito.MockitoPostProcessor'
2026-05-10T22:57:27.792-04:00 DEBUG 17245 --- [fullstack_venta] [           main] o.s.b.f.s.DefaultListableBeanFactory     : Creating shared instance of singleton bean 'emBeanDefinitionRegistrarPostProcessor'
2026-05-10T22:57:27.793-04:00 DEBUG 17245 --- [fullstack_venta] [           main] o.s.b.f.s.DefaultListableBeanFactory     : Creating shared instance of singleton bean 'org.springframework.boot.sql.init.dependency.DatabaseInitializationDependencyConfigurer$DependsOnDatabaseInitializationPostProcessor'
2026-05-10T22:57:27.830-04:00 DEBUG 17245 --- [fullstack_venta] [           main] o.s.b.f.s.DefaultListableBeanFactory     : Creating shared instance of singleton bean 'org.springframework.context.event.internalEventListenerProcessor'
2026-05-10T22:57:27.831-04:00 DEBUG 17245 --- [fullstack_venta] [           main] o.s.b.f.s.DefaultListableBeanFactory     : Creating shared instance of singleton bean 'bootstrapExecutorAliasPostProcessor'
2026-05-10T22:57:27.831-04:00 DEBUG 17245 --- [fullstack_venta] [           main] o.s.b.f.s.DefaultListableBeanFactory     : Creating shared instance of singleton bean 'preserveErrorControllerTargetClassPostProcessor'
2026-05-10T22:57:27.832-04:00 DEBUG 17245 --- [fullstack_venta] [           main] o.s.b.f.s.DefaultListableBeanFactory     : Creating shared instance of singleton bean 'org.springframework.context.event.internalEventListenerFactory'
2026-05-10T22:57:27.832-04:00 DEBUG 17245 --- [fullstack_venta] [           main] o.s.b.f.s.DefaultListableBeanFactory     : Creating shared instance of singleton bean 'org.springframework.transaction.config.internalTransactionalEventListenerFactory'
2026-05-10T22:57:27.834-04:00 DEBUG 17245 --- [fullstack_venta] [           main] o.s.b.f.s.DefaultListableBeanFactory     : Creating shared instance of singleton bean 'org.springframework.boot.test.mock.mockito.MockitoPostProcessor$SpyPostProcessor'
2026-05-10T22:57:27.834-04:00 DEBUG 17245 --- [fullstack_venta] [           main] o.s.b.f.s.DefaultListableBeanFactory     : Creating shared instance of singleton bean 'org.springframework.context.annotation.internalAutowiredAnnotationProcessor'
2026-05-10T22:57:27.834-04:00 DEBUG 17245 --- [fullstack_venta] [           main] o.s.b.f.s.DefaultListableBeanFactory     : Creating shared instance of singleton bean 'org.springframework.context.annotation.internalCommonAnnotationProcessor'
2026-05-10T22:57:27.834-04:00 DEBUG 17245 --- [fullstack_venta] [           main] o.s.b.f.s.DefaultListableBeanFactory     : Creating shared instance of singleton bean 'org.springframework.context.annotation.internalPersistenceAnnotationProcessor'
2026-05-10T22:57:27.835-04:00 DEBUG 17245 --- [fullstack_venta] [           main] o.s.b.f.s.DefaultListableBeanFactory     : Creating shared instance of singleton bean 'org.springframework.boot.context.properties.ConfigurationPropertiesBindingPostProcessor'
2026-05-10T22:57:27.835-04:00 DEBUG 17245 --- [fullstack_venta] [           main] o.s.b.f.s.DefaultListableBeanFactory     : Creating shared instance of singleton bean 'org.springframework.boot.context.internalConfigurationPropertiesBinder'
2026-05-10T22:57:27.836-04:00 DEBUG 17245 --- [fullstack_venta] [           main] o.s.b.f.s.DefaultListableBeanFactory     : Creating shared instance of singleton bean 'jdbcConnectionDetailsHikariBeanPostProcessor'
2026-05-10T22:57:27.836-04:00 DEBUG 17245 --- [fullstack_venta] [           main] o.s.b.f.s.DefaultListableBeanFactory     : Creating shared instance of singleton bean 'methodValidationPostProcessor'
2026-05-10T22:57:27.837-04:00 DEBUG 17245 --- [fullstack_venta] [           main] o.s.b.f.s.DefaultListableBeanFactory     : Autowiring by type from bean name 'methodValidationPostProcessor' via factory method to bean named 'environment'
2026-05-10T22:57:27.844-04:00 DEBUG 17245 --- [fullstack_venta] [           main] o.s.b.f.s.DefaultListableBeanFactory     : Creating shared instance of singleton bean 'org.springframework.boot.context.properties.EnableConfigurationPropertiesRegistrar.methodValidationExcludeFilter'
2026-05-10T22:57:27.846-04:00 DEBUG 17245 --- [fullstack_venta] [           main] o.s.b.f.s.DefaultListableBeanFactory     : Creating shared instance of singleton bean 'org.springframework.aop.config.internalAutoProxyCreator'
2026-05-10T22:57:27.857-04:00 DEBUG 17245 --- [fullstack_venta] [           main] o.s.b.f.s.DefaultListableBeanFactory     : Creating shared instance of singleton bean 'persistenceExceptionTranslationPostProcessor'
2026-05-10T22:57:27.857-04:00 DEBUG 17245 --- [fullstack_venta] [           main] o.s.b.f.s.DefaultListableBeanFactory     : Autowiring by type from bean name 'persistenceExceptionTranslationPostProcessor' via factory method to bean named 'environment'
2026-05-10T22:57:27.858-04:00 DEBUG 17245 --- [fullstack_venta] [           main] o.s.b.f.s.DefaultListableBeanFactory     : Creating shared instance of singleton bean 'webServerFactoryCustomizerBeanPostProcessor'
2026-05-10T22:57:27.859-04:00 DEBUG 17245 --- [fullstack_venta] [           main] o.s.b.f.s.DefaultListableBeanFactory     : Creating shared instance of singleton bean 'errorPageRegistrarBeanPostProcessor'
2026-05-10T22:57:27.859-04:00 DEBUG 17245 --- [fullstack_venta] [           main] o.s.b.f.s.DefaultListableBeanFactory     : Creating shared instance of singleton bean 'healthEndpointGroupsBeanPostProcessor'
2026-05-10T22:57:27.861-04:00 DEBUG 17245 --- [fullstack_venta] [           main] o.s.b.f.s.DefaultListableBeanFactory     : Creating shared instance of singleton bean 'org.springframework.transaction.config.internalTransactionAdvisor'
2026-05-10T22:57:27.861-04:00 DEBUG 17245 --- [fullstack_venta] [           main] o.s.b.f.s.DefaultListableBeanFactory     : Creating shared instance of singleton bean 'org.springframework.transaction.annotation.ProxyTransactionManagementConfiguration'
2026-05-10T22:57:27.900-04:00 DEBUG 17245 --- [fullstack_venta] [           main] o.s.b.f.s.DefaultListableBeanFactory     : Creating shared instance of singleton bean 'transactionAttributeSource'
2026-05-10T22:57:27.906-04:00 DEBUG 17245 --- [fullstack_venta] [           main] o.s.b.f.s.DefaultListableBeanFactory     : Creating shared instance of singleton bean 'transactionInterceptor'
2026-05-10T22:57:27.907-04:00 DEBUG 17245 --- [fullstack_venta] [           main] o.s.b.f.s.DefaultListableBeanFactory     : Autowiring by type from bean name 'transactionInterceptor' via factory method to bean named 'transactionAttributeSource'
2026-05-10T22:57:27.916-04:00 DEBUG 17245 --- [fullstack_venta] [           main] o.s.b.f.s.DefaultListableBeanFactory     : Autowiring by type from bean name 'org.springframework.transaction.config.internalTransactionAdvisor' via factory method to bean named 'transactionAttributeSource'
2026-05-10T22:57:27.916-04:00 DEBUG 17245 --- [fullstack_venta] [           main] o.s.b.f.s.DefaultListableBeanFactory     : Autowiring by type from bean name 'org.springframework.transaction.config.internalTransactionAdvisor' via factory method to bean named 'transactionInterceptor'
2026-05-10T22:57:27.922-04:00 DEBUG 17245 --- [fullstack_venta] [           main] o.s.b.f.s.DefaultListableBeanFactory     : Creating shared instance of singleton bean 'meterRegistryPostProcessor'
2026-05-10T22:57:27.925-04:00 DEBUG 17245 --- [fullstack_venta] [           main] o.s.b.f.s.DefaultListableBeanFactory     : Autowiring by type from bean name 'meterRegistryPostProcessor' via factory method to bean named 'org.springframework.web.context.support.GenericWebApplicationContext@44485db'
2026-05-10T22:57:27.930-04:00 DEBUG 17245 --- [fullstack_venta] [           main] o.s.b.f.s.DefaultListableBeanFactory     : Creating shared instance of singleton bean 'metricsRepositoryMethodInvocationListenerBeanPostProcessor'
2026-05-10T22:57:27.931-04:00 DEBUG 17245 --- [fullstack_venta] [           main] o.s.b.f.s.DefaultListableBeanFactory     : Creating shared instance of singleton bean 'observationRegistryPostProcessor'
2026-05-10T22:57:27.933-04:00 DEBUG 17245 --- [fullstack_venta] [           main] o.s.b.f.s.DefaultListableBeanFactory     : Creating shared instance of singleton bean 'projectingArgumentResolverBeanPostProcessor'
2026-05-10T22:57:27.934-04:00 DEBUG 17245 --- [fullstack_venta] [           main] o.s.u.c.s.UiApplicationContextUtils      : Unable to locate ThemeSource with name 'themeSource': using default [org.springframework.ui.context.support.ResourceBundleThemeSource@7c45191e]
2026-05-10T22:57:27.936-04:00 DEBUG 17245 --- [fullstack_venta] [           main] o.s.b.f.s.DefaultListableBeanFactory     : Creating shared instance of singleton bean 'applicationTaskExecutor'
2026-05-10T22:57:27.936-04:00 DEBUG 17245 --- [fullstack_venta] [           main] o.s.b.f.s.DefaultListableBeanFactory     : Creating shared instance of singleton bean 'org.springframework.boot.autoconfigure.task.TaskExecutorConfigurations$TaskExecutorConfiguration'
2026-05-10T22:57:27.938-04:00 DEBUG 17245 --- [fullstack_venta] [           main] o.s.b.f.s.DefaultListableBeanFactory     : Creating shared instance of singleton bean 'threadPoolTaskExecutorBuilder'
2026-05-10T22:57:27.939-04:00 DEBUG 17245 --- [fullstack_venta] [           main] o.s.b.f.s.DefaultListableBeanFactory     : Creating shared instance of singleton bean 'org.springframework.boot.autoconfigure.task.TaskExecutorConfigurations$ThreadPoolTaskExecutorBuilderConfiguration'
2026-05-10T22:57:27.940-04:00 DEBUG 17245 --- [fullstack_venta] [           main] o.s.b.f.s.DefaultListableBeanFactory     : Creating shared instance of singleton bean 'spring.task.execution-org.springframework.boot.autoconfigure.task.TaskExecutionProperties'
2026-05-10T22:57:27.940-04:00 DEBUG 17245 --- [fullstack_venta] [           main] o.s.b.f.s.DefaultListableBeanFactory     : Creating shared instance of singleton bean 'org.springframework.boot.context.properties.BoundConfigurationProperties'
2026-05-10T22:57:27.947-04:00 DEBUG 17245 --- [fullstack_venta] [           main] o.s.b.f.s.DefaultListableBeanFactory     : Autowiring by type from bean name 'threadPoolTaskExecutorBuilder' via factory method to bean named 'spring.task.execution-org.springframework.boot.autoconfigure.task.TaskExecutionProperties'
2026-05-10T22:57:27.949-04:00 DEBUG 17245 --- [fullstack_venta] [           main] o.s.b.f.s.DefaultListableBeanFactory     : Autowiring by type from bean name 'applicationTaskExecutor' via factory method to bean named 'threadPoolTaskExecutorBuilder'
2026-05-10T22:57:27.950-04:00 DEBUG 17245 --- [fullstack_venta] [           main] o.s.s.concurrent.ThreadPoolTaskExecutor  : Initializing ExecutorService 'applicationTaskExecutor'
2026-05-10T22:57:27.956-04:00 DEBUG 17245 --- [fullstack_venta] [           main] o.s.b.f.s.DefaultListableBeanFactory     : Creating shared instance of singleton bean 'org.springframework.test.context.support.internalDynamicPropertyRegistrarBeanInitializer'
2026-05-10T22:57:27.957-04:00 DEBUG 17245 --- [fullstack_venta] [           main] o.s.b.f.s.DefaultListableBeanFactory     : Creating shared instance of singleton bean 'dataSourceScriptDatabaseInitializer'
2026-05-10T22:57:27.958-04:00 DEBUG 17245 --- [fullstack_venta] [           main] o.s.b.f.s.DefaultListableBeanFactory     : Creating shared instance of singleton bean 'org.springframework.boot.autoconfigure.sql.init.DataSourceInitializationConfiguration'
2026-05-10T22:57:27.958-04:00 DEBUG 17245 --- [fullstack_venta] [           main] o.s.b.f.s.DefaultListableBeanFactory     : Creating shared instance of singleton bean 'dataSource'
2026-05-10T22:57:27.958-04:00 DEBUG 17245 --- [fullstack_venta] [           main] o.s.b.f.s.DefaultListableBeanFactory     : Creating shared instance of singleton bean 'org.springframework.boot.autoconfigure.jdbc.DataSourceConfiguration$Hikari'
2026-05-10T22:57:27.959-04:00 DEBUG 17245 --- [fullstack_venta] [           main] o.s.b.f.s.DefaultListableBeanFactory     : Creating shared instance of singleton bean 'spring.datasource-org.springframework.boot.autoconfigure.jdbc.DataSourceProperties'
2026-05-10T22:57:27.965-04:00 DEBUG 17245 --- [fullstack_venta] [           main] o.s.b.f.s.DefaultListableBeanFactory     : Creating shared instance of singleton bean 'jdbcConnectionDetails'
2026-05-10T22:57:27.965-04:00 DEBUG 17245 --- [fullstack_venta] [           main] o.s.b.f.s.DefaultListableBeanFactory     : Creating shared instance of singleton bean 'org.springframework.boot.autoconfigure.jdbc.DataSourceAutoConfiguration$PooledDataSourceConfiguration'
2026-05-10T22:57:27.966-04:00 DEBUG 17245 --- [fullstack_venta] [           main] o.s.b.f.s.DefaultListableBeanFactory     : Autowiring by type from bean name 'jdbcConnectionDetails' via factory method to bean named 'spring.datasource-org.springframework.boot.autoconfigure.jdbc.DataSourceProperties'
2026-05-10T22:57:27.967-04:00 DEBUG 17245 --- [fullstack_venta] [           main] o.s.b.f.s.DefaultListableBeanFactory     : Autowiring by type from bean name 'dataSource' via factory method to bean named 'spring.datasource-org.springframework.boot.autoconfigure.jdbc.DataSourceProperties'
2026-05-10T22:57:27.967-04:00 DEBUG 17245 --- [fullstack_venta] [           main] o.s.b.f.s.DefaultListableBeanFactory     : Autowiring by type from bean name 'dataSource' via factory method to bean named 'jdbcConnectionDetails'
2026-05-10T22:57:27.967-04:00 DEBUG 17245 --- [fullstack_venta] [           main] o.s.b.f.s.DefaultListableBeanFactory     : Autowiring by type from bean name 'dataSource' via factory method to bean named 'environment'
2026-05-10T22:57:28.136-04:00 DEBUG 17245 --- [fullstack_venta] [           main] o.s.b.f.s.DefaultListableBeanFactory     : Creating shared instance of singleton bean 'spring.sql.init-org.springframework.boot.autoconfigure.sql.init.SqlInitializationProperties'
2026-05-10T22:57:28.138-04:00 DEBUG 17245 --- [fullstack_venta] [           main] o.s.b.f.s.DefaultListableBeanFactory     : Autowiring by type from bean name 'dataSourceScriptDatabaseInitializer' via factory method to bean named 'dataSource'
2026-05-10T22:57:28.138-04:00 DEBUG 17245 --- [fullstack_venta] [           main] o.s.b.f.s.DefaultListableBeanFactory     : Autowiring by type from bean name 'dataSourceScriptDatabaseInitializer' via factory method to bean named 'spring.sql.init-org.springframework.boot.autoconfigure.sql.init.SqlInitializationProperties'
2026-05-10T22:57:28.142-04:00 DEBUG 17245 --- [fullstack_venta] [           main] o.s.b.f.s.DefaultListableBeanFactory     : Creating shared instance of singleton bean 'entityManagerFactory'
2026-05-10T22:57:28.142-04:00 DEBUG 17245 --- [fullstack_venta] [           main] o.s.b.f.s.DefaultListableBeanFactory     : Creating shared instance of singleton bean 'org.springframework.boot.autoconfigure.orm.jpa.HibernateJpaConfiguration'
2026-05-10T22:57:28.144-04:00 DEBUG 17245 --- [fullstack_venta] [           main] o.s.b.f.s.DefaultListableBeanFactory     : Creating shared instance of singleton bean 'spring.jpa-org.springframework.boot.autoconfigure.orm.jpa.JpaProperties'
2026-05-10T22:57:28.147-04:00 DEBUG 17245 --- [fullstack_venta] [           main] o.s.b.f.s.DefaultListableBeanFactory     : Creating shared instance of singleton bean 'spring.jpa.hibernate-org.springframework.boot.autoconfigure.orm.jpa.HibernateProperties'
2026-05-10T22:57:28.148-04:00 DEBUG 17245 --- [fullstack_venta] [           main] o.s.b.f.s.DefaultListableBeanFactory     : Autowiring by type from bean name 'org.springframework.boot.autoconfigure.orm.jpa.HibernateJpaConfiguration' via constructor to bean named 'dataSource'
2026-05-10T22:57:28.148-04:00 DEBUG 17245 --- [fullstack_venta] [           main] o.s.b.f.s.DefaultListableBeanFactory     : Autowiring by type from bean name 'org.springframework.boot.autoconfigure.orm.jpa.HibernateJpaConfiguration' via constructor to bean named 'spring.jpa-org.springframework.boot.autoconfigure.orm.jpa.JpaProperties'
2026-05-10T22:57:28.149-04:00 DEBUG 17245 --- [fullstack_venta] [           main] o.s.b.f.s.DefaultListableBeanFactory     : Autowiring by type from bean name 'org.springframework.boot.autoconfigure.orm.jpa.HibernateJpaConfiguration' via constructor to bean named 'org.springframework.beans.factory.support.DefaultListableBeanFactory@7a7f9d45'
2026-05-10T22:57:28.149-04:00 DEBUG 17245 --- [fullstack_venta] [           main] o.s.b.f.s.DefaultListableBeanFactory     : Autowiring by type from bean name 'org.springframework.boot.autoconfigure.orm.jpa.HibernateJpaConfiguration' via constructor to bean named 'spring.jpa.hibernate-org.springframework.boot.autoconfigure.orm.jpa.HibernateProperties'
2026-05-10T22:57:28.152-04:00 DEBUG 17245 --- [fullstack_venta] [           main] o.s.b.f.s.DefaultListableBeanFactory     : Creating shared instance of singleton bean 'oracleUcpPoolDataSourceMetadataProvider'
2026-05-10T22:57:28.152-04:00 DEBUG 17245 --- [fullstack_venta] [           main] o.s.b.f.s.DefaultListableBeanFactory     : Creating shared instance of singleton bean 'org.springframework.boot.autoconfigure.jdbc.metadata.DataSourcePoolMetadataProvidersConfiguration$OracleUcpPoolDataSourceMetadataProviderConfiguration'
2026-05-10T22:57:28.153-04:00 DEBUG 17245 --- [fullstack_venta] [           main] o.s.b.f.s.DefaultListableBeanFactory     : Creating shared instance of singleton bean 'hikariPoolDataSourceMetadataProvider'
2026-05-10T22:57:28.154-04:00 DEBUG 17245 --- [fullstack_venta] [           main] o.s.b.f.s.DefaultListableBeanFactory     : Creating shared instance of singleton bean 'org.springframework.boot.autoconfigure.jdbc.metadata.DataSourcePoolMetadataProvidersConfiguration$HikariPoolDataSourceMetadataProviderConfiguration'
2026-05-10T22:57:28.158-04:00 DEBUG 17245 --- [fullstack_venta] [           main] o.s.b.f.s.DefaultListableBeanFactory     : Creating shared instance of singleton bean 'entityManagerFactoryBuilder'
2026-05-10T22:57:28.158-04:00 DEBUG 17245 --- [fullstack_venta] [           main] o.s.b.f.s.DefaultListableBeanFactory     : Creating shared instance of singleton bean 'jpaVendorAdapter'
2026-05-10T22:57:28.167-04:00 DEBUG 17245 --- [fullstack_venta] [           main] o.s.b.f.s.DefaultListableBeanFactory     : Autowiring by type from bean name 'entityManagerFactoryBuilder' via factory method to bean named 'jpaVendorAdapter'
2026-05-10T22:57:28.169-04:00 DEBUG 17245 --- [fullstack_venta] [           main] o.s.b.f.s.DefaultListableBeanFactory     : Creating shared instance of singleton bean 'persistenceManagedTypes'
2026-05-10T22:57:28.171-04:00 DEBUG 17245 --- [fullstack_venta] [           main] o.s.b.f.s.DefaultListableBeanFactory     : Autowiring by type from bean name 'persistenceManagedTypes' via factory method to bean named 'org.springframework.beans.factory.support.DefaultListableBeanFactory@7a7f9d45'
2026-05-10T22:57:28.171-04:00 DEBUG 17245 --- [fullstack_venta] [           main] o.s.b.f.s.DefaultListableBeanFactory     : Autowiring by type from bean name 'persistenceManagedTypes' via factory method to bean named 'org.springframework.web.context.support.GenericWebApplicationContext@44485db'
2026-05-10T22:57:28.178-04:00 DEBUG 17245 --- [fullstack_venta] [           main] o.s.b.f.s.DefaultListableBeanFactory     : Autowiring by type from bean name 'entityManagerFactory' via factory method to bean named 'entityManagerFactoryBuilder'
2026-05-10T22:57:28.178-04:00 DEBUG 17245 --- [fullstack_venta] [           main] o.s.b.f.s.DefaultListableBeanFactory     : Autowiring by type from bean name 'entityManagerFactory' via factory method to bean named 'persistenceManagedTypes'
2026-05-10T22:57:28.194-04:00 DEBUG 17245 --- [fullstack_venta] [           main] j.LocalContainerEntityManagerFactoryBean : Building JPA container EntityManagerFactory for persistence unit 'default'
2026-05-10T22:57:28.215-04:00 DEBUG 17245 --- [fullstack_venta] [           main] o.hibernate.jpa.internal.util.LogHelper  : PersistenceUnitInfo [
	name: default
	persistence provider classname: null
	classloader: jdk.internal.loader.ClassLoaders$AppClassLoader@2c854dc5
	excludeUnlistedClasses: true
	JTA datasource: null
	Non JTA datasource: HikariDataSource (null)
	Transaction type: RESOURCE_LOCAL
	PU root URL: file:/Users/krhisnaoyanedelyanez/Desktop/Inge%20Desarrollo%20de%20Software/BIMESTRE%20VI/DESARROLLO%20FULLSTACK/EFT/FULLSTACK-VENTA/target/test-classes/
	Shared Cache Mode: UNSPECIFIED
	Validation Mode: AUTO
	Jar files URLs []
	Managed classes names [
		com.fullstack_venta.fullstack_venta.model.DetalleVenta
		com.fullstack_venta.fullstack_venta.model.Venta]
	Mapping files names []
	Properties []
2026-05-10T22:57:28.222-04:00 DEBUG 17245 --- [fullstack_venta] [           main] o.h.i.internal.IntegratorServiceImpl     : Adding Integrator [org.hibernate.boot.beanvalidation.BeanValidationIntegrator].
2026-05-10T22:57:28.224-04:00 DEBUG 17245 --- [fullstack_venta] [           main] o.h.i.internal.IntegratorServiceImpl     : Adding Integrator [org.hibernate.cache.internal.CollectionCacheInvalidator].
2026-05-10T22:57:28.295-04:00  INFO 17245 --- [fullstack_venta] [           main] org.hibernate.Version                    : HHH000412: Hibernate ORM core version 6.6.44.Final
2026-05-10T22:57:28.296-04:00 DEBUG 17245 --- [fullstack_venta] [           main] org.hibernate.cfg.Environment            : HHH000206: 'hibernate.properties' not found
2026-05-10T22:57:28.318-04:00 DEBUG 17245 --- [fullstack_venta] [           main] org.hibernate.orm.idgen.factory          : Registering IdentifierGenerator strategy [uuid2] -> [org.hibernate.id.UUIDGenerator]
2026-05-10T22:57:28.318-04:00 DEBUG 17245 --- [fullstack_venta] [           main] org.hibernate.orm.idgen.factory          : Registering IdentifierGenerator strategy [guid] -> [org.hibernate.id.GUIDGenerator]
2026-05-10T22:57:28.319-04:00 DEBUG 17245 --- [fullstack_venta] [           main] org.hibernate.orm.idgen.factory          : Registering IdentifierGenerator strategy [uuid] -> [org.hibernate.id.UUIDHexGenerator]
2026-05-10T22:57:28.319-04:00 DEBUG 17245 --- [fullstack_venta] [           main] org.hibernate.orm.idgen.factory          : Registering IdentifierGenerator strategy [uuid.hex] -> [org.hibernate.id.UUIDHexGenerator]
2026-05-10T22:57:28.319-04:00 DEBUG 17245 --- [fullstack_venta] [           main] org.hibernate.orm.idgen.factory          : Registering IdentifierGenerator strategy [assigned] -> [org.hibernate.id.Assigned]
2026-05-10T22:57:28.319-04:00 DEBUG 17245 --- [fullstack_venta] [           main] org.hibernate.orm.idgen.factory          : Registering IdentifierGenerator strategy [identity] -> [org.hibernate.id.IdentityGenerator]
2026-05-10T22:57:28.320-04:00 DEBUG 17245 --- [fullstack_venta] [           main] org.hibernate.orm.idgen.factory          : Registering IdentifierGenerator strategy [select] -> [org.hibernate.id.SelectGenerator]
2026-05-10T22:57:28.321-04:00 DEBUG 17245 --- [fullstack_venta] [           main] org.hibernate.orm.idgen.factory          : Registering IdentifierGenerator strategy [sequence] -> [org.hibernate.id.enhanced.SequenceStyleGenerator]
2026-05-10T22:57:28.321-04:00 DEBUG 17245 --- [fullstack_venta] [           main] org.hibernate.orm.idgen.factory          : Registering IdentifierGenerator strategy [increment] -> [org.hibernate.id.IncrementGenerator]
2026-05-10T22:57:28.321-04:00 DEBUG 17245 --- [fullstack_venta] [           main] org.hibernate.orm.idgen.factory          : Registering IdentifierGenerator strategy [foreign] -> [org.hibernate.id.ForeignGenerator]
2026-05-10T22:57:28.321-04:00 DEBUG 17245 --- [fullstack_venta] [           main] org.hibernate.orm.idgen.factory          : Registering IdentifierGenerator strategy [enhanced-sequence] -> [org.hibernate.id.enhanced.SequenceStyleGenerator]
2026-05-10T22:57:28.322-04:00 DEBUG 17245 --- [fullstack_venta] [           main] org.hibernate.orm.idgen.factory          : Registering IdentifierGenerator strategy [enhanced-table] -> [org.hibernate.id.enhanced.TableGenerator]
2026-05-10T22:57:28.328-04:00 DEBUG 17245 --- [fullstack_venta] [           main] o.h.c.internal.RegionFactoryInitiator    : Cannot default RegionFactory based on registered strategies as `[]` RegionFactory strategies were registered
2026-05-10T22:57:28.329-04:00  INFO 17245 --- [fullstack_venta] [           main] o.h.c.internal.RegionFactoryInitiator    : HHH000026: Second-level cache disabled
2026-05-10T22:57:28.390-04:00 DEBUG 17245 --- [fullstack_venta] [           main] org.hibernate.type.BasicTypeRegistry     : Adding type registration boolean -> org.hibernate.type.BasicTypeReference@513bec8c
2026-05-10T22:57:28.390-04:00 DEBUG 17245 --- [fullstack_venta] [           main] org.hibernate.type.BasicTypeRegistry     : Adding type registration boolean -> org.hibernate.type.BasicTypeReference@513bec8c
2026-05-10T22:57:28.390-04:00 DEBUG 17245 --- [fullstack_venta] [           main] org.hibernate.type.BasicTypeRegistry     : Adding type registration java.lang.Boolean -> org.hibernate.type.BasicTypeReference@513bec8c
2026-05-10T22:57:28.391-04:00 DEBUG 17245 --- [fullstack_venta] [           main] org.hibernate.type.BasicTypeRegistry     : Adding type registration numeric_boolean -> org.hibernate.type.BasicTypeReference@693ed09d
2026-05-10T22:57:28.391-04:00 DEBUG 17245 --- [fullstack_venta] [           main] org.hibernate.type.BasicTypeRegistry     : Adding type registration org.hibernate.type.NumericBooleanConverter -> org.hibernate.type.BasicTypeReference@693ed09d
2026-05-10T22:57:28.391-04:00 DEBUG 17245 --- [fullstack_venta] [           main] org.hibernate.type.BasicTypeRegistry     : Adding type registration true_false -> org.hibernate.type.BasicTypeReference@4fc8163
2026-05-10T22:57:28.391-04:00 DEBUG 17245 --- [fullstack_venta] [           main] org.hibernate.type.BasicTypeRegistry     : Adding type registration org.hibernate.type.TrueFalseConverter -> org.hibernate.type.BasicTypeReference@4fc8163
2026-05-10T22:57:28.391-04:00 DEBUG 17245 --- [fullstack_venta] [           main] org.hibernate.type.BasicTypeRegistry     : Adding type registration yes_no -> org.hibernate.type.BasicTypeReference@6c26e588
2026-05-10T22:57:28.391-04:00 DEBUG 17245 --- [fullstack_venta] [           main] org.hibernate.type.BasicTypeRegistry     : Adding type registration org.hibernate.type.YesNoConverter -> org.hibernate.type.BasicTypeReference@6c26e588
2026-05-10T22:57:28.391-04:00 DEBUG 17245 --- [fullstack_venta] [           main] org.hibernate.type.BasicTypeRegistry     : Adding type registration byte -> org.hibernate.type.BasicTypeReference@62f73b0c
2026-05-10T22:57:28.391-04:00 DEBUG 17245 --- [fullstack_venta] [           main] org.hibernate.type.BasicTypeRegistry     : Adding type registration byte -> org.hibernate.type.BasicTypeReference@62f73b0c
2026-05-10T22:57:28.391-04:00 DEBUG 17245 --- [fullstack_venta] [           main] org.hibernate.type.BasicTypeRegistry     : Adding type registration java.lang.Byte -> org.hibernate.type.BasicTypeReference@62f73b0c
2026-05-10T22:57:28.391-04:00 DEBUG 17245 --- [fullstack_venta] [           main] org.hibernate.type.BasicTypeRegistry     : Adding type registration binary -> org.hibernate.type.BasicTypeReference@7dd2a5f7
2026-05-10T22:57:28.391-04:00 DEBUG 17245 --- [fullstack_venta] [           main] org.hibernate.type.BasicTypeRegistry     : Adding type registration byte[] -> org.hibernate.type.BasicTypeReference@7dd2a5f7
2026-05-10T22:57:28.391-04:00 DEBUG 17245 --- [fullstack_venta] [           main] org.hibernate.type.BasicTypeRegistry     : Adding type registration [B -> org.hibernate.type.BasicTypeReference@7dd2a5f7
2026-05-10T22:57:28.391-04:00 DEBUG 17245 --- [fullstack_venta] [           main] org.hibernate.type.BasicTypeRegistry     : Adding type registration binary_wrapper -> org.hibernate.type.BasicTypeReference@1d45c4b7
2026-05-10T22:57:28.391-04:00 DEBUG 17245 --- [fullstack_venta] [           main] org.hibernate.type.BasicTypeRegistry     : Adding type registration wrapper-binary -> org.hibernate.type.BasicTypeReference@1d45c4b7
2026-05-10T22:57:28.391-04:00 DEBUG 17245 --- [fullstack_venta] [           main] org.hibernate.type.BasicTypeRegistry     : Adding type registration image -> org.hibernate.type.BasicTypeReference@46146832
2026-05-10T22:57:28.391-04:00 DEBUG 17245 --- [fullstack_venta] [           main] org.hibernate.type.BasicTypeRegistry     : Adding type registration blob -> org.hibernate.type.BasicTypeReference@1d6014a7
2026-05-10T22:57:28.391-04:00 DEBUG 17245 --- [fullstack_venta] [           main] org.hibernate.type.BasicTypeRegistry     : Adding type registration java.sql.Blob -> org.hibernate.type.BasicTypeReference@1d6014a7
2026-05-10T22:57:28.391-04:00 DEBUG 17245 --- [fullstack_venta] [           main] org.hibernate.type.BasicTypeRegistry     : Adding type registration materialized_blob -> org.hibernate.type.BasicTypeReference@7575f7e1
2026-05-10T22:57:28.391-04:00 DEBUG 17245 --- [fullstack_venta] [           main] org.hibernate.type.BasicTypeRegistry     : Adding type registration materialized_blob_wrapper -> org.hibernate.type.BasicTypeReference@4626f584
2026-05-10T22:57:28.392-04:00 DEBUG 17245 --- [fullstack_venta] [           main] org.hibernate.type.BasicTypeRegistry     : Adding type registration short -> org.hibernate.type.BasicTypeReference@2396408a
2026-05-10T22:57:28.392-04:00 DEBUG 17245 --- [fullstack_venta] [           main] org.hibernate.type.BasicTypeRegistry     : Adding type registration short -> org.hibernate.type.BasicTypeReference@2396408a
2026-05-10T22:57:28.392-04:00 DEBUG 17245 --- [fullstack_venta] [           main] org.hibernate.type.BasicTypeRegistry     : Adding type registration java.lang.Short -> org.hibernate.type.BasicTypeReference@2396408a
2026-05-10T22:57:28.392-04:00 DEBUG 17245 --- [fullstack_venta] [           main] org.hibernate.type.BasicTypeRegistry     : Adding type registration integer -> org.hibernate.type.BasicTypeReference@3e4ead73
2026-05-10T22:57:28.392-04:00 DEBUG 17245 --- [fullstack_venta] [           main] org.hibernate.type.BasicTypeRegistry     : Adding type registration int -> org.hibernate.type.BasicTypeReference@3e4ead73
2026-05-10T22:57:28.392-04:00 DEBUG 17245 --- [fullstack_venta] [           main] org.hibernate.type.BasicTypeRegistry     : Adding type registration java.lang.Integer -> org.hibernate.type.BasicTypeReference@3e4ead73
2026-05-10T22:57:28.392-04:00 DEBUG 17245 --- [fullstack_venta] [           main] org.hibernate.type.BasicTypeRegistry     : Adding type registration long -> org.hibernate.type.BasicTypeReference@64de9fa4
2026-05-10T22:57:28.392-04:00 DEBUG 17245 --- [fullstack_venta] [           main] org.hibernate.type.BasicTypeRegistry     : Adding type registration long -> org.hibernate.type.BasicTypeReference@64de9fa4
2026-05-10T22:57:28.392-04:00 DEBUG 17245 --- [fullstack_venta] [           main] org.hibernate.type.BasicTypeRegistry     : Adding type registration java.lang.Long -> org.hibernate.type.BasicTypeReference@64de9fa4
2026-05-10T22:57:28.392-04:00 DEBUG 17245 --- [fullstack_venta] [           main] org.hibernate.type.BasicTypeRegistry     : Adding type registration float -> org.hibernate.type.BasicTypeReference@15a5cc6e
2026-05-10T22:57:28.392-04:00 DEBUG 17245 --- [fullstack_venta] [           main] org.hibernate.type.BasicTypeRegistry     : Adding type registration float -> org.hibernate.type.BasicTypeReference@15a5cc6e
2026-05-10T22:57:28.392-04:00 DEBUG 17245 --- [fullstack_venta] [           main] org.hibernate.type.BasicTypeRegistry     : Adding type registration java.lang.Float -> org.hibernate.type.BasicTypeReference@15a5cc6e
2026-05-10T22:57:28.392-04:00 DEBUG 17245 --- [fullstack_venta] [           main] org.hibernate.type.BasicTypeRegistry     : Adding type registration double -> org.hibernate.type.BasicTypeReference@4a65c40
2026-05-10T22:57:28.392-04:00 DEBUG 17245 --- [fullstack_venta] [           main] org.hibernate.type.BasicTypeRegistry     : Adding type registration double -> org.hibernate.type.BasicTypeReference@4a65c40
2026-05-10T22:57:28.392-04:00 DEBUG 17245 --- [fullstack_venta] [           main] org.hibernate.type.BasicTypeRegistry     : Adding type registration java.lang.Double -> org.hibernate.type.BasicTypeReference@4a65c40
2026-05-10T22:57:28.392-04:00 DEBUG 17245 --- [fullstack_venta] [           main] org.hibernate.type.BasicTypeRegistry     : Adding type registration big_integer -> org.hibernate.type.BasicTypeReference@4fc84c92
2026-05-10T22:57:28.392-04:00 DEBUG 17245 --- [fullstack_venta] [           main] org.hibernate.type.BasicTypeRegistry     : Adding type registration java.math.BigInteger -> org.hibernate.type.BasicTypeReference@4fc84c92
2026-05-10T22:57:28.392-04:00 DEBUG 17245 --- [fullstack_venta] [           main] org.hibernate.type.BasicTypeRegistry     : Adding type registration big_decimal -> org.hibernate.type.BasicTypeReference@5f7bd970
2026-05-10T22:57:28.392-04:00 DEBUG 17245 --- [fullstack_venta] [           main] org.hibernate.type.BasicTypeRegistry     : Adding type registration java.math.BigDecimal -> org.hibernate.type.BasicTypeReference@5f7bd970
2026-05-10T22:57:28.392-04:00 DEBUG 17245 --- [fullstack_venta] [           main] org.hibernate.type.BasicTypeRegistry     : Adding type registration character -> org.hibernate.type.BasicTypeReference@6406b84d
2026-05-10T22:57:28.392-04:00 DEBUG 17245 --- [fullstack_venta] [           main] org.hibernate.type.BasicTypeRegistry     : Adding type registration char -> org.hibernate.type.BasicTypeReference@6406b84d
2026-05-10T22:57:28.392-04:00 DEBUG 17245 --- [fullstack_venta] [           main] org.hibernate.type.BasicTypeRegistry     : Adding type registration java.lang.Character -> org.hibernate.type.BasicTypeReference@6406b84d
2026-05-10T22:57:28.392-04:00 DEBUG 17245 --- [fullstack_venta] [           main] org.hibernate.type.BasicTypeRegistry     : Adding type registration character_nchar -> org.hibernate.type.BasicTypeReference@5274acd1
2026-05-10T22:57:28.392-04:00 DEBUG 17245 --- [fullstack_venta] [           main] org.hibernate.type.BasicTypeRegistry     : Adding type registration string -> org.hibernate.type.BasicTypeReference@5fd5d6d1
2026-05-10T22:57:28.392-04:00 DEBUG 17245 --- [fullstack_venta] [           main] org.hibernate.type.BasicTypeRegistry     : Adding type registration java.lang.String -> org.hibernate.type.BasicTypeReference@5fd5d6d1
2026-05-10T22:57:28.392-04:00 DEBUG 17245 --- [fullstack_venta] [           main] org.hibernate.type.BasicTypeRegistry     : Adding type registration nstring -> org.hibernate.type.BasicTypeReference@5e643402
2026-05-10T22:57:28.392-04:00 DEBUG 17245 --- [fullstack_venta] [           main] org.hibernate.type.BasicTypeRegistry     : Adding type registration characters -> org.hibernate.type.BasicTypeReference@ff12b53
2026-05-10T22:57:28.392-04:00 DEBUG 17245 --- [fullstack_venta] [           main] org.hibernate.type.BasicTypeRegistry     : Adding type registration char[] -> org.hibernate.type.BasicTypeReference@ff12b53
2026-05-10T22:57:28.392-04:00 DEBUG 17245 --- [fullstack_venta] [           main] org.hibernate.type.BasicTypeRegistry     : Adding type registration [C -> org.hibernate.type.BasicTypeReference@ff12b53
2026-05-10T22:57:28.392-04:00 DEBUG 17245 --- [fullstack_venta] [           main] org.hibernate.type.BasicTypeRegistry     : Adding type registration wrapper-characters -> org.hibernate.type.BasicTypeReference@78141c58
2026-05-10T22:57:28.393-04:00 DEBUG 17245 --- [fullstack_venta] [           main] org.hibernate.type.BasicTypeRegistry     : Adding type registration text -> org.hibernate.type.BasicTypeReference@9863ed5
2026-05-10T22:57:28.393-04:00 DEBUG 17245 --- [fullstack_venta] [           main] org.hibernate.type.BasicTypeRegistry     : Adding type registration ntext -> org.hibernate.type.BasicTypeReference@763ddfc3
2026-05-10T22:57:28.393-04:00 DEBUG 17245 --- [fullstack_venta] [           main] org.hibernate.type.BasicTypeRegistry     : Adding type registration clob -> org.hibernate.type.BasicTypeReference@7010c9e4
2026-05-10T22:57:28.393-04:00 DEBUG 17245 --- [fullstack_venta] [           main] org.hibernate.type.BasicTypeRegistry     : Adding type registration java.sql.Clob -> org.hibernate.type.BasicTypeReference@7010c9e4
2026-05-10T22:57:28.393-04:00 DEBUG 17245 --- [fullstack_venta] [           main] org.hibernate.type.BasicTypeRegistry     : Adding type registration nclob -> org.hibernate.type.BasicTypeReference@28befd62
2026-05-10T22:57:28.393-04:00 DEBUG 17245 --- [fullstack_venta] [           main] org.hibernate.type.BasicTypeRegistry     : Adding type registration java.sql.NClob -> org.hibernate.type.BasicTypeReference@28befd62
2026-05-10T22:57:28.393-04:00 DEBUG 17245 --- [fullstack_venta] [           main] org.hibernate.type.BasicTypeRegistry     : Adding type registration materialized_clob -> org.hibernate.type.BasicTypeReference@10f60e36
2026-05-10T22:57:28.393-04:00 DEBUG 17245 --- [fullstack_venta] [           main] org.hibernate.type.BasicTypeRegistry     : Adding type registration materialized_clob_char_array -> org.hibernate.type.BasicTypeReference@8ad182c
2026-05-10T22:57:28.393-04:00 DEBUG 17245 --- [fullstack_venta] [           main] org.hibernate.type.BasicTypeRegistry     : Adding type registration materialized_clob_character_array -> org.hibernate.type.BasicTypeReference@7e84af34
2026-05-10T22:57:28.393-04:00 DEBUG 17245 --- [fullstack_venta] [           main] org.hibernate.type.BasicTypeRegistry     : Adding type registration materialized_nclob -> org.hibernate.type.BasicTypeReference@218e186b
2026-05-10T22:57:28.393-04:00 DEBUG 17245 --- [fullstack_venta] [           main] org.hibernate.type.BasicTypeRegistry     : Adding type registration materialized_nclob_character_array -> org.hibernate.type.BasicTypeReference@12925d2
2026-05-10T22:57:28.393-04:00 DEBUG 17245 --- [fullstack_venta] [           main] org.hibernate.type.BasicTypeRegistry     : Adding type registration materialized_nclob_char_array -> org.hibernate.type.BasicTypeReference@612531a3
2026-05-10T22:57:28.393-04:00 DEBUG 17245 --- [fullstack_venta] [           main] org.hibernate.type.BasicTypeRegistry     : Adding type registration Duration -> org.hibernate.type.BasicTypeReference@3a83cfbc
2026-05-10T22:57:28.393-04:00 DEBUG 17245 --- [fullstack_venta] [           main] org.hibernate.type.BasicTypeRegistry     : Adding type registration java.time.Duration -> org.hibernate.type.BasicTypeReference@3a83cfbc
2026-05-10T22:57:28.393-04:00 DEBUG 17245 --- [fullstack_venta] [           main] org.hibernate.type.BasicTypeRegistry     : Adding type registration LocalDateTime -> org.hibernate.type.BasicTypeReference@6b9fc5c7
2026-05-10T22:57:28.394-04:00 DEBUG 17245 --- [fullstack_venta] [           main] org.hibernate.type.BasicTypeRegistry     : Adding type registration java.time.LocalDateTime -> org.hibernate.type.BasicTypeReference@6b9fc5c7
2026-05-10T22:57:28.394-04:00 DEBUG 17245 --- [fullstack_venta] [           main] org.hibernate.type.BasicTypeRegistry     : Adding type registration LocalDate -> org.hibernate.type.BasicTypeReference@23d07ad3
2026-05-10T22:57:28.394-04:00 DEBUG 17245 --- [fullstack_venta] [           main] org.hibernate.type.BasicTypeRegistry     : Adding type registration java.time.LocalDate -> org.hibernate.type.BasicTypeReference@23d07ad3
2026-05-10T22:57:28.394-04:00 DEBUG 17245 --- [fullstack_venta] [           main] org.hibernate.type.BasicTypeRegistry     : Adding type registration LocalTime -> org.hibernate.type.BasicTypeReference@6b30ff23
2026-05-10T22:57:28.394-04:00 DEBUG 17245 --- [fullstack_venta] [           main] org.hibernate.type.BasicTypeRegistry     : Adding type registration java.time.LocalTime -> org.hibernate.type.BasicTypeReference@6b30ff23
2026-05-10T22:57:28.394-04:00 DEBUG 17245 --- [fullstack_venta] [           main] org.hibernate.type.BasicTypeRegistry     : Adding type registration OffsetDateTime -> org.hibernate.type.BasicTypeReference@4fea23d6
2026-05-10T22:57:28.394-04:00 DEBUG 17245 --- [fullstack_venta] [           main] org.hibernate.type.BasicTypeRegistry     : Adding type registration java.time.OffsetDateTime -> org.hibernate.type.BasicTypeReference@4fea23d6
2026-05-10T22:57:28.394-04:00 DEBUG 17245 --- [fullstack_venta] [           main] org.hibernate.type.BasicTypeRegistry     : Adding type registration OffsetDateTimeWithTimezone -> org.hibernate.type.BasicTypeReference@5ace6611
2026-05-10T22:57:28.394-04:00 DEBUG 17245 --- [fullstack_venta] [           main] org.hibernate.type.BasicTypeRegistry     : Adding type registration OffsetDateTimeWithoutTimezone -> org.hibernate.type.BasicTypeReference@7a689979
2026-05-10T22:57:28.394-04:00 DEBUG 17245 --- [fullstack_venta] [           main] org.hibernate.type.BasicTypeRegistry     : Adding type registration OffsetTime -> org.hibernate.type.BasicTypeReference@164db8f0
2026-05-10T22:57:28.394-04:00 DEBUG 17245 --- [fullstack_venta] [           main] org.hibernate.type.BasicTypeRegistry     : Adding type registration java.time.OffsetTime -> org.hibernate.type.BasicTypeReference@164db8f0
2026-05-10T22:57:28.394-04:00 DEBUG 17245 --- [fullstack_venta] [           main] org.hibernate.type.BasicTypeRegistry     : Adding type registration OffsetTimeUtc -> org.hibernate.type.BasicTypeReference@8a7cd7c
2026-05-10T22:57:28.394-04:00 DEBUG 17245 --- [fullstack_venta] [           main] org.hibernate.type.BasicTypeRegistry     : Adding type registration OffsetTimeWithTimezone -> org.hibernate.type.BasicTypeReference@21f0cc97
2026-05-10T22:57:28.394-04:00 DEBUG 17245 --- [fullstack_venta] [           main] org.hibernate.type.BasicTypeRegistry     : Adding type registration OffsetTimeWithoutTimezone -> org.hibernate.type.BasicTypeReference@641c8ba4
2026-05-10T22:57:28.394-04:00 DEBUG 17245 --- [fullstack_venta] [           main] org.hibernate.type.BasicTypeRegistry     : Adding type registration ZonedDateTime -> org.hibernate.type.BasicTypeReference@52667676
2026-05-10T22:57:28.394-04:00 DEBUG 17245 --- [fullstack_venta] [           main] org.hibernate.type.BasicTypeRegistry     : Adding type registration java.time.ZonedDateTime -> org.hibernate.type.BasicTypeReference@52667676
2026-05-10T22:57:28.394-04:00 DEBUG 17245 --- [fullstack_venta] [           main] org.hibernate.type.BasicTypeRegistry     : Adding type registration ZonedDateTimeWithTimezone -> org.hibernate.type.BasicTypeReference@75559cd9
2026-05-10T22:57:28.394-04:00 DEBUG 17245 --- [fullstack_venta] [           main] org.hibernate.type.BasicTypeRegistry     : Adding type registration ZonedDateTimeWithoutTimezone -> org.hibernate.type.BasicTypeReference@39a09c0
2026-05-10T22:57:28.394-04:00 DEBUG 17245 --- [fullstack_venta] [           main] org.hibernate.type.BasicTypeRegistry     : Adding type registration date -> org.hibernate.type.BasicTypeReference@3dbf3bc
2026-05-10T22:57:28.394-04:00 DEBUG 17245 --- [fullstack_venta] [           main] org.hibernate.type.BasicTypeRegistry     : Adding type registration java.sql.Date -> org.hibernate.type.BasicTypeReference@3dbf3bc
2026-05-10T22:57:28.394-04:00 DEBUG 17245 --- [fullstack_venta] [           main] org.hibernate.type.BasicTypeRegistry     : Adding type registration time -> org.hibernate.type.BasicTypeReference@626ff077
2026-05-10T22:57:28.394-04:00 DEBUG 17245 --- [fullstack_venta] [           main] org.hibernate.type.BasicTypeRegistry     : Adding type registration java.sql.Time -> org.hibernate.type.BasicTypeReference@626ff077
2026-05-10T22:57:28.395-04:00 DEBUG 17245 --- [fullstack_venta] [           main] org.hibernate.type.BasicTypeRegistry     : Adding type registration timestamp -> org.hibernate.type.BasicTypeReference@3b850bb7
2026-05-10T22:57:28.395-04:00 DEBUG 17245 --- [fullstack_venta] [           main] org.hibernate.type.BasicTypeRegistry     : Adding type registration java.sql.Timestamp -> org.hibernate.type.BasicTypeReference@3b850bb7
2026-05-10T22:57:28.395-04:00 DEBUG 17245 --- [fullstack_venta] [           main] org.hibernate.type.BasicTypeRegistry     : Adding type registration java.util.Date -> org.hibernate.type.BasicTypeReference@3b850bb7
2026-05-10T22:57:28.395-04:00 DEBUG 17245 --- [fullstack_venta] [           main] org.hibernate.type.BasicTypeRegistry     : Adding type registration calendar -> org.hibernate.type.BasicTypeReference@6802c10e
2026-05-10T22:57:28.395-04:00 DEBUG 17245 --- [fullstack_venta] [           main] org.hibernate.type.BasicTypeRegistry     : Adding type registration java.util.Calendar -> org.hibernate.type.BasicTypeReference@6802c10e
2026-05-10T22:57:28.395-04:00 DEBUG 17245 --- [fullstack_venta] [           main] org.hibernate.type.BasicTypeRegistry     : Adding type registration java.util.GregorianCalendar -> org.hibernate.type.BasicTypeReference@6802c10e
2026-05-10T22:57:28.395-04:00 DEBUG 17245 --- [fullstack_venta] [           main] org.hibernate.type.BasicTypeRegistry     : Adding type registration calendar_date -> org.hibernate.type.BasicTypeReference@341889a1
2026-05-10T22:57:28.395-04:00 DEBUG 17245 --- [fullstack_venta] [           main] org.hibernate.type.BasicTypeRegistry     : Adding type registration calendar_time -> org.hibernate.type.BasicTypeReference@29693b1d
2026-05-10T22:57:28.395-04:00 DEBUG 17245 --- [fullstack_venta] [           main] org.hibernate.type.BasicTypeRegistry     : Adding type registration instant -> org.hibernate.type.BasicTypeReference@3a225534
2026-05-10T22:57:28.395-04:00 DEBUG 17245 --- [fullstack_venta] [           main] org.hibernate.type.BasicTypeRegistry     : Adding type registration java.time.Instant -> org.hibernate.type.BasicTypeReference@3a225534
2026-05-10T22:57:28.395-04:00 DEBUG 17245 --- [fullstack_venta] [           main] org.hibernate.type.BasicTypeRegistry     : Adding type registration uuid -> org.hibernate.type.BasicTypeReference@44d6f9cf
2026-05-10T22:57:28.395-04:00 DEBUG 17245 --- [fullstack_venta] [           main] org.hibernate.type.BasicTypeRegistry     : Adding type registration java.util.UUID -> org.hibernate.type.BasicTypeReference@44d6f9cf
2026-05-10T22:57:28.395-04:00 DEBUG 17245 --- [fullstack_venta] [           main] org.hibernate.type.BasicTypeRegistry     : Adding type registration pg-uuid -> org.hibernate.type.BasicTypeReference@44d6f9cf
2026-05-10T22:57:28.395-04:00 DEBUG 17245 --- [fullstack_venta] [           main] org.hibernate.type.BasicTypeRegistry     : Adding type registration uuid-binary -> org.hibernate.type.BasicTypeReference@34f32575
2026-05-10T22:57:28.395-04:00 DEBUG 17245 --- [fullstack_venta] [           main] org.hibernate.type.BasicTypeRegistry     : Adding type registration uuid-char -> org.hibernate.type.BasicTypeReference@54224125
2026-05-10T22:57:28.395-04:00 DEBUG 17245 --- [fullstack_venta] [           main] org.hibernate.type.BasicTypeRegistry     : Adding type registration class -> org.hibernate.type.BasicTypeReference@7c013560
2026-05-10T22:57:28.395-04:00 DEBUG 17245 --- [fullstack_venta] [           main] org.hibernate.type.BasicTypeRegistry     : Adding type registration java.lang.Class -> org.hibernate.type.BasicTypeReference@7c013560
2026-05-10T22:57:28.395-04:00 DEBUG 17245 --- [fullstack_venta] [           main] org.hibernate.type.BasicTypeRegistry     : Adding type registration currency -> org.hibernate.type.BasicTypeReference@feab3ae
2026-05-10T22:57:28.395-04:00 DEBUG 17245 --- [fullstack_venta] [           main] org.hibernate.type.BasicTypeRegistry     : Adding type registration Currency -> org.hibernate.type.BasicTypeReference@feab3ae
2026-05-10T22:57:28.395-04:00 DEBUG 17245 --- [fullstack_venta] [           main] org.hibernate.type.BasicTypeRegistry     : Adding type registration java.util.Currency -> org.hibernate.type.BasicTypeReference@feab3ae
2026-05-10T22:57:28.395-04:00 DEBUG 17245 --- [fullstack_venta] [           main] org.hibernate.type.BasicTypeRegistry     : Adding type registration locale -> org.hibernate.type.BasicTypeReference@229fe7ab
2026-05-10T22:57:28.395-04:00 DEBUG 17245 --- [fullstack_venta] [           main] org.hibernate.type.BasicTypeRegistry     : Adding type registration java.util.Locale -> org.hibernate.type.BasicTypeReference@229fe7ab
2026-05-10T22:57:28.395-04:00 DEBUG 17245 --- [fullstack_venta] [           main] org.hibernate.type.BasicTypeRegistry     : Adding type registration serializable -> org.hibernate.type.BasicTypeReference@64f2b1b4
2026-05-10T22:57:28.395-04:00 DEBUG 17245 --- [fullstack_venta] [           main] org.hibernate.type.BasicTypeRegistry     : Adding type registration java.io.Serializable -> org.hibernate.type.BasicTypeReference@64f2b1b4
2026-05-10T22:57:28.395-04:00 DEBUG 17245 --- [fullstack_venta] [           main] org.hibernate.type.BasicTypeRegistry     : Adding type registration timezone -> org.hibernate.type.BasicTypeReference@11ad327f
2026-05-10T22:57:28.395-04:00 DEBUG 17245 --- [fullstack_venta] [           main] org.hibernate.type.BasicTypeRegistry     : Adding type registration java.util.TimeZone -> org.hibernate.type.BasicTypeReference@11ad327f
2026-05-10T22:57:28.395-04:00 DEBUG 17245 --- [fullstack_venta] [           main] org.hibernate.type.BasicTypeRegistry     : Adding type registration ZoneOffset -> org.hibernate.type.BasicTypeReference@4b808427
2026-05-10T22:57:28.395-04:00 DEBUG 17245 --- [fullstack_venta] [           main] org.hibernate.type.BasicTypeRegistry     : Adding type registration java.time.ZoneOffset -> org.hibernate.type.BasicTypeReference@4b808427
2026-05-10T22:57:28.395-04:00 DEBUG 17245 --- [fullstack_venta] [           main] org.hibernate.type.BasicTypeRegistry     : Adding type registration url -> org.hibernate.type.BasicTypeReference@167f9043
2026-05-10T22:57:28.395-04:00 DEBUG 17245 --- [fullstack_venta] [           main] org.hibernate.type.BasicTypeRegistry     : Adding type registration java.net.URL -> org.hibernate.type.BasicTypeReference@167f9043
2026-05-10T22:57:28.395-04:00 DEBUG 17245 --- [fullstack_venta] [           main] org.hibernate.type.BasicTypeRegistry     : Adding type registration vector -> org.hibernate.type.BasicTypeReference@6771fc29
2026-05-10T22:57:28.395-04:00 DEBUG 17245 --- [fullstack_venta] [           main] org.hibernate.type.BasicTypeRegistry     : Adding type registration float_vector -> org.hibernate.type.BasicTypeReference@1f370472
2026-05-10T22:57:28.395-04:00 DEBUG 17245 --- [fullstack_venta] [           main] org.hibernate.type.BasicTypeRegistry     : Adding type registration double_vector -> org.hibernate.type.BasicTypeReference@50d91a0f
2026-05-10T22:57:28.395-04:00 DEBUG 17245 --- [fullstack_venta] [           main] org.hibernate.type.BasicTypeRegistry     : Adding type registration byte_vector -> org.hibernate.type.BasicTypeReference@3ace65df
2026-05-10T22:57:28.395-04:00 DEBUG 17245 --- [fullstack_venta] [           main] org.hibernate.type.BasicTypeRegistry     : Adding type registration row_version -> org.hibernate.type.BasicTypeReference@52b6561b
2026-05-10T22:57:28.400-04:00 DEBUG 17245 --- [fullstack_venta] [           main] org.hibernate.type.BasicTypeRegistry     : Adding type registration object -> org.hibernate.type.JavaObjectType@64acf8d2
2026-05-10T22:57:28.401-04:00 DEBUG 17245 --- [fullstack_venta] [           main] org.hibernate.type.BasicTypeRegistry     : Adding type registration java.lang.Object -> org.hibernate.type.JavaObjectType@64acf8d2
2026-05-10T22:57:28.401-04:00 DEBUG 17245 --- [fullstack_venta] [           main] org.hibernate.type.BasicTypeRegistry     : Adding type registration null -> org.hibernate.type.NullType@22f7bf36
2026-05-10T22:57:28.401-04:00 DEBUG 17245 --- [fullstack_venta] [           main] org.hibernate.type.BasicTypeRegistry     : Adding type registration imm_date -> org.hibernate.type.BasicTypeReference@4a3404fa
2026-05-10T22:57:28.402-04:00 DEBUG 17245 --- [fullstack_venta] [           main] org.hibernate.type.BasicTypeRegistry     : Adding type registration imm_time -> org.hibernate.type.BasicTypeReference@3fb4beb1
2026-05-10T22:57:28.402-04:00 DEBUG 17245 --- [fullstack_venta] [           main] org.hibernate.type.BasicTypeRegistry     : Adding type registration imm_timestamp -> org.hibernate.type.BasicTypeReference@34cb1310
2026-05-10T22:57:28.402-04:00 DEBUG 17245 --- [fullstack_venta] [           main] org.hibernate.type.BasicTypeRegistry     : Adding type registration imm_calendar -> org.hibernate.type.BasicTypeReference@2b5a04b0
2026-05-10T22:57:28.402-04:00 DEBUG 17245 --- [fullstack_venta] [           main] org.hibernate.type.BasicTypeRegistry     : Adding type registration imm_calendar_date -> org.hibernate.type.BasicTypeReference@41a3c6f5
2026-05-10T22:57:28.402-04:00 DEBUG 17245 --- [fullstack_venta] [           main] org.hibernate.type.BasicTypeRegistry     : Adding type registration imm_calendar_time -> org.hibernate.type.BasicTypeReference@5b78a946
2026-05-10T22:57:28.402-04:00 DEBUG 17245 --- [fullstack_venta] [           main] org.hibernate.type.BasicTypeRegistry     : Adding type registration imm_binary -> org.hibernate.type.BasicTypeReference@37c762aa
2026-05-10T22:57:28.402-04:00 DEBUG 17245 --- [fullstack_venta] [           main] org.hibernate.type.BasicTypeRegistry     : Adding type registration imm_serializable -> org.hibernate.type.BasicTypeReference@4c438f66
2026-05-10T22:57:28.407-04:00 DEBUG 17245 --- [fullstack_venta] [           main] o.h.boot.internal.BootstrapContextImpl   : Injecting JPA temp ClassLoader [org.springframework.instrument.classloading.SimpleThrowawayClassLoader@16eb93af] into BootstrapContext; was [null]
2026-05-10T22:57:28.407-04:00 DEBUG 17245 --- [fullstack_venta] [           main] o.h.boot.internal.ClassLoaderAccessImpl  : ClassLoaderAccessImpl#injectTempClassLoader(org.springframework.instrument.classloading.SimpleThrowawayClassLoader@16eb93af) [was null]
2026-05-10T22:57:28.407-04:00 DEBUG 17245 --- [fullstack_venta] [           main] o.h.boot.internal.BootstrapContextImpl   : Injecting ScanEnvironment [org.hibernate.jpa.boot.internal.StandardJpaScanEnvironmentImpl@63614cdd] into BootstrapContext; was [null]
2026-05-10T22:57:28.407-04:00 DEBUG 17245 --- [fullstack_venta] [           main] o.h.boot.internal.BootstrapContextImpl   : Injecting ScanOptions [org.hibernate.boot.archive.scan.internal.StandardScanOptions@1e9f48d4] into BootstrapContext; was [org.hibernate.boot.archive.scan.internal.StandardScanOptions@7b9d602c]
2026-05-10T22:57:28.421-04:00 DEBUG 17245 --- [fullstack_venta] [           main] o.h.j.b.i.PersistenceUnitInfoDescriptor  : Pushing class transformers for PU named 'default' on loading classloader jdk.internal.loader.ClassLoaders$AppClassLoader@2c854dc5
2026-05-10T22:57:28.446-04:00  INFO 17245 --- [fullstack_venta] [           main] o.s.o.j.p.SpringPersistenceUnitInfo      : No LoadTimeWeaver setup: ignoring JPA class transformer
2026-05-10T22:57:28.446-04:00 DEBUG 17245 --- [fullstack_venta] [           main] o.h.boot.internal.BootstrapContextImpl   : Injecting JPA temp ClassLoader [null] into BootstrapContext; was [org.springframework.instrument.classloading.SimpleThrowawayClassLoader@16eb93af]
2026-05-10T22:57:28.446-04:00 DEBUG 17245 --- [fullstack_venta] [           main] o.h.boot.internal.ClassLoaderAccessImpl  : ClassLoaderAccessImpl#injectTempClassLoader(null) [was org.springframework.instrument.classloading.SimpleThrowawayClassLoader@16eb93af]
2026-05-10T22:57:28.473-04:00  INFO 17245 --- [fullstack_venta] [           main] com.zaxxer.hikari.HikariDataSource       : HikariPool-1 - Starting...
2026-05-10T22:57:30.138-04:00  INFO 17245 --- [fullstack_venta] [           main] com.zaxxer.hikari.pool.HikariPool        : HikariPool-1 - Added connection oracle.jdbc.driver.T4CConnection@2aeb3f3b
2026-05-10T22:57:30.141-04:00  INFO 17245 --- [fullstack_venta] [           main] com.zaxxer.hikari.HikariDataSource       : HikariPool-1 - Start completed.
2026-05-10T22:57:30.159-04:00 DEBUG 17245 --- [fullstack_venta] [           main] o.h.e.j.e.i.JdbcEnvironmentInitiator     : Database ->
	   name : Oracle
	version : Oracle Database 19c Enterprise Edition Release 19.0.0.0.0 - Production
Version 19.31.0.1.0
	  major : 19
	  minor : 31
2026-05-10T22:57:30.159-04:00 DEBUG 17245 --- [fullstack_venta] [           main] o.h.e.j.e.i.JdbcEnvironmentInitiator     : Driver ->
	   name : Oracle JDBC driver
	version : 23.7.0.25.01
	  major : 23
	  minor : 7
2026-05-10T22:57:30.159-04:00 DEBUG 17245 --- [fullstack_venta] [           main] o.h.e.j.e.i.JdbcEnvironmentInitiator     : JDBC version : 4.3
2026-05-10T22:57:30.625-04:00  WARN 17245 --- [fullstack_venta] [           main] org.hibernate.orm.deprecation            : HHH90000025: OracleDialect does not need to be specified explicitly using 'hibernate.dialect' (remove the property setting and it will be selected by default)
2026-05-10T22:57:30.626-04:00 DEBUG 17245 --- [fullstack_venta] [           main] org.hibernate.orm.dialect                : HHH035001: Using dialect: org.hibernate.dialect.OracleDialect, version: 19.31
2026-05-10T22:57:30.837-04:00  INFO 17245 --- [fullstack_venta] [           main] org.hibernate.orm.connections.pooling    : HHH10001005: Database info:
	Database JDBC URL [Connecting through datasource 'HikariDataSource (HikariPool-1)']
	Database driver: undefined/unknown
	Database version: 19.31
	Autocommit mode: undefined/unknown
	Isolation level: undefined/unknown
	Minimum pool size: undefined/unknown
	Maximum pool size: undefined/unknown
2026-05-10T22:57:30.846-04:00 DEBUG 17245 --- [fullstack_venta] [           main] o.h.t.d.jdbc.spi.JdbcTypeRegistry        : addDescriptor(NCharTypeDescriptor) replaced previous registration(CharTypeDescriptor)
2026-05-10T22:57:30.846-04:00 DEBUG 17245 --- [fullstack_venta] [           main] o.h.t.d.jdbc.spi.JdbcTypeRegistry        : addDescriptor(NVarcharTypeDescriptor) replaced previous registration(VarcharTypeDescriptor)
2026-05-10T22:57:30.846-04:00 DEBUG 17245 --- [fullstack_venta] [           main] o.h.t.d.jdbc.spi.JdbcTypeRegistry        : addDescriptor(LongNVarcharTypeDescriptor) replaced previous registration(LongVarcharTypeDescriptor)
2026-05-10T22:57:30.847-04:00 DEBUG 17245 --- [fullstack_venta] [           main] o.h.t.d.jdbc.spi.JdbcTypeRegistry        : addDescriptor(NClobTypeDescriptor(DEFAULT)) replaced previous registration(ClobTypeDescriptor(DEFAULT))
2026-05-10T22:57:30.848-04:00 DEBUG 17245 --- [fullstack_venta] [           main] o.h.t.d.jdbc.spi.JdbcTypeRegistry        : addDescriptor(BooleanTypeDescriptor) replaced previous registration(BooleanTypeDescriptor)
2026-05-10T22:57:30.853-04:00 DEBUG 17245 --- [fullstack_venta] [           main] org.hibernate.type.BasicTypeRegistry     : Adding type registration null -> org.hibernate.type.NullType@6a28d987
2026-05-10T22:57:30.853-04:00 DEBUG 17245 --- [fullstack_venta] [           main] org.hibernate.type.BasicTypeRegistry     : Type registration key [null] overrode previous entry : `org.hibernate.type.NullType@22f7bf36`
2026-05-10T22:57:30.854-04:00 DEBUG 17245 --- [fullstack_venta] [           main] org.hibernate.type.BasicTypeRegistry     : Adding type registration JAVA_OBJECT -> org.hibernate.type.JavaObjectType@70a26eca
2026-05-10T22:57:30.854-04:00 DEBUG 17245 --- [fullstack_venta] [           main] org.hibernate.type.BasicTypeRegistry     : Adding type registration java.lang.Object -> org.hibernate.type.JavaObjectType@70a26eca
2026-05-10T22:57:30.854-04:00 DEBUG 17245 --- [fullstack_venta] [           main] org.hibernate.type.BasicTypeRegistry     : Type registration key [java.lang.Object] overrode previous entry : `org.hibernate.type.JavaObjectType@64acf8d2`
2026-05-10T22:57:30.856-04:00 DEBUG 17245 --- [fullstack_venta] [           main] org.hibernate.type.BasicTypeRegistry     : Adding type registration org.hibernate.type.DurationType -> basicType@1(java.time.Duration,3015)
2026-05-10T22:57:30.856-04:00 DEBUG 17245 --- [fullstack_venta] [           main] org.hibernate.type.BasicTypeRegistry     : Adding type registration Duration -> basicType@1(java.time.Duration,3015)
2026-05-10T22:57:30.856-04:00 DEBUG 17245 --- [fullstack_venta] [           main] org.hibernate.type.BasicTypeRegistry     : Adding type registration java.time.Duration -> basicType@1(java.time.Duration,3015)
2026-05-10T22:57:30.859-04:00 DEBUG 17245 --- [fullstack_venta] [           main] o.h.type.spi.TypeConfiguration$Scope     : Scoping TypeConfiguration [org.hibernate.type.spi.TypeConfiguration@461e479c] to MetadataBuildingContext [org.hibernate.boot.internal.MetadataBuildingContextRootImpl@1cdbc986]
2026-05-10T22:57:30.892-04:00 DEBUG 17245 --- [fullstack_venta] [           main] o.h.boot.model.relational.Namespace      : Created database namespace [logicalName=Name{catalog=null, schema=null}, physicalName=Name{catalog=null, schema=null}]
2026-05-10T22:57:30.909-04:00 DEBUG 17245 --- [fullstack_venta] [           main] o.h.boot.model.internal.EntityBinder     : Binding entity from annotated class: com.fullstack_venta.fullstack_venta.model.DetalleVenta
2026-05-10T22:57:30.913-04:00 DEBUG 17245 --- [fullstack_venta] [           main] o.h.boot.model.internal.EntityBinder     : Import with entity name DetalleVenta
2026-05-10T22:57:30.917-04:00 DEBUG 17245 --- [fullstack_venta] [           main] o.h.boot.model.internal.EntityBinder     : Bind entity com.fullstack_venta.fullstack_venta.model.DetalleVenta on table detalle_ventas
2026-05-10T22:57:30.924-04:00 DEBUG 17245 --- [fullstack_venta] [           main] o.h.boot.model.internal.AnnotatedColumn  : Binding column: AnnotatedDiscriminatorColumn(column='DTYPE')
2026-05-10T22:57:30.935-04:00 DEBUG 17245 --- [fullstack_venta] [           main] o.h.boot.model.internal.AnnotatedColumn  : Binding column: AnnotatedColumn()
2026-05-10T22:57:30.935-04:00 DEBUG 17245 --- [fullstack_venta] [           main] o.h.boot.internal.ClassLoaderAccessImpl  : Not known whether passed class name [com.fullstack_venta.fullstack_venta.model.DetalleVenta] is safe
2026-05-10T22:57:30.935-04:00 DEBUG 17245 --- [fullstack_venta] [           main] o.h.boot.internal.ClassLoaderAccessImpl  : No temp ClassLoader provided; using live ClassLoader for loading potentially unsafe class : com.fullstack_venta.fullstack_venta.model.DetalleVenta
2026-05-10T22:57:30.938-04:00 DEBUG 17245 --- [fullstack_venta] [           main] o.h.boot.model.internal.PropertyBinder   : MetadataSourceProcessor property id with lazy=false
2026-05-10T22:57:30.941-04:00 DEBUG 17245 --- [fullstack_venta] [           main] o.h.b.m.internal.AbstractPropertyHolder  : Attempting to locate auto-apply AttributeConverter for property [com.fullstack_venta.fullstack_venta.model.DetalleVenta:id]
2026-05-10T22:57:30.942-04:00 DEBUG 17245 --- [fullstack_venta] [           main] o.h.b.model.internal.BasicValueBinder    : building BasicValue for id
2026-05-10T22:57:30.945-04:00 DEBUG 17245 --- [fullstack_venta] [           main] org.hibernate.mapping.BasicValue         : Skipping column re-registration: detalle_ventas.id
2026-05-10T22:57:30.945-04:00 DEBUG 17245 --- [fullstack_venta] [           main] o.h.boot.model.internal.PropertyBinder   : Building property id
2026-05-10T22:57:30.948-04:00 DEBUG 17245 --- [fullstack_venta] [           main] o.h.boot.model.internal.BinderHelper     : #makeIdGenerator(BasicValue([Column(id)]), id, identity, , ...)
2026-05-10T22:57:30.949-04:00 DEBUG 17245 --- [fullstack_venta] [           main] o.h.boot.model.internal.AnnotatedColumn  : Binding column: AnnotatedColumn(column='CANTIDAD')
2026-05-10T22:57:30.949-04:00 DEBUG 17245 --- [fullstack_venta] [           main] o.h.boot.model.internal.PropertyBinder   : MetadataSourceProcessor property cantidad with lazy=false
2026-05-10T22:57:30.949-04:00 DEBUG 17245 --- [fullstack_venta] [           main] o.h.b.m.internal.AbstractPropertyHolder  : Attempting to locate auto-apply AttributeConverter for property [com.fullstack_venta.fullstack_venta.model.DetalleVenta:cantidad]
2026-05-10T22:57:30.949-04:00 DEBUG 17245 --- [fullstack_venta] [           main] o.h.b.model.internal.BasicValueBinder    : building BasicValue for cantidad
2026-05-10T22:57:30.949-04:00 DEBUG 17245 --- [fullstack_venta] [           main] org.hibernate.mapping.BasicValue         : Skipping column re-registration: detalle_ventas.cantidad
2026-05-10T22:57:30.950-04:00 DEBUG 17245 --- [fullstack_venta] [           main] o.h.boot.model.internal.PropertyBinder   : Building property cantidad
2026-05-10T22:57:30.950-04:00 DEBUG 17245 --- [fullstack_venta] [           main] o.h.boot.model.internal.AnnotatedColumn  : Binding column: AnnotatedColumn(column='NOMBRE_PRODUCTO')
2026-05-10T22:57:30.950-04:00 DEBUG 17245 --- [fullstack_venta] [           main] o.h.boot.model.internal.PropertyBinder   : MetadataSourceProcessor property nombreProducto with lazy=false
2026-05-10T22:57:30.950-04:00 DEBUG 17245 --- [fullstack_venta] [           main] o.h.b.m.internal.AbstractPropertyHolder  : Attempting to locate auto-apply AttributeConverter for property [com.fullstack_venta.fullstack_venta.model.DetalleVenta:nombreProducto]
2026-05-10T22:57:30.950-04:00 DEBUG 17245 --- [fullstack_venta] [           main] o.h.b.model.internal.BasicValueBinder    : building BasicValue for nombreProducto
2026-05-10T22:57:30.950-04:00 DEBUG 17245 --- [fullstack_venta] [           main] org.hibernate.mapping.BasicValue         : Skipping column re-registration: detalle_ventas.nombre_producto
2026-05-10T22:57:30.950-04:00 DEBUG 17245 --- [fullstack_venta] [           main] o.h.boot.model.internal.PropertyBinder   : Building property nombreProducto
2026-05-10T22:57:30.950-04:00 DEBUG 17245 --- [fullstack_venta] [           main] o.h.boot.model.internal.AnnotatedColumn  : Binding column: AnnotatedColumn(column='PRECIO_UNITARIO')
2026-05-10T22:57:30.950-04:00 DEBUG 17245 --- [fullstack_venta] [           main] o.h.boot.model.internal.PropertyBinder   : MetadataSourceProcessor property precioUnitario with lazy=false
2026-05-10T22:57:30.950-04:00 DEBUG 17245 --- [fullstack_venta] [           main] o.h.b.m.internal.AbstractPropertyHolder  : Attempting to locate auto-apply AttributeConverter for property [com.fullstack_venta.fullstack_venta.model.DetalleVenta:precioUnitario]
2026-05-10T22:57:30.950-04:00 DEBUG 17245 --- [fullstack_venta] [           main] o.h.b.model.internal.BasicValueBinder    : building BasicValue for precioUnitario
2026-05-10T22:57:30.950-04:00 DEBUG 17245 --- [fullstack_venta] [           main] org.hibernate.mapping.BasicValue         : Skipping column re-registration: detalle_ventas.precio_unitario
2026-05-10T22:57:30.950-04:00 DEBUG 17245 --- [fullstack_venta] [           main] o.h.boot.model.internal.PropertyBinder   : Building property precioUnitario
2026-05-10T22:57:30.950-04:00 DEBUG 17245 --- [fullstack_venta] [           main] o.h.boot.model.internal.AnnotatedColumn  : Binding column: AnnotatedColumn(column='PRODUCTO_ID')
2026-05-10T22:57:30.950-04:00 DEBUG 17245 --- [fullstack_venta] [           main] o.h.boot.model.internal.PropertyBinder   : MetadataSourceProcessor property productoId with lazy=false
2026-05-10T22:57:30.950-04:00 DEBUG 17245 --- [fullstack_venta] [           main] o.h.b.m.internal.AbstractPropertyHolder  : Attempting to locate auto-apply AttributeConverter for property [com.fullstack_venta.fullstack_venta.model.DetalleVenta:productoId]
2026-05-10T22:57:30.951-04:00 DEBUG 17245 --- [fullstack_venta] [           main] o.h.b.model.internal.BasicValueBinder    : building BasicValue for productoId
2026-05-10T22:57:30.951-04:00 DEBUG 17245 --- [fullstack_venta] [           main] org.hibernate.mapping.BasicValue         : Skipping column re-registration: detalle_ventas.producto_id
2026-05-10T22:57:30.951-04:00 DEBUG 17245 --- [fullstack_venta] [           main] o.h.boot.model.internal.PropertyBinder   : Building property productoId
2026-05-10T22:57:30.951-04:00 DEBUG 17245 --- [fullstack_venta] [           main] o.h.boot.model.internal.AnnotatedColumn  : Binding column: AnnotatedColumn(column='SUBTOTAL')
2026-05-10T22:57:30.951-04:00 DEBUG 17245 --- [fullstack_venta] [           main] o.h.boot.model.internal.PropertyBinder   : MetadataSourceProcessor property subtotal with lazy=false
2026-05-10T22:57:30.951-04:00 DEBUG 17245 --- [fullstack_venta] [           main] o.h.b.m.internal.AbstractPropertyHolder  : Attempting to locate auto-apply AttributeConverter for property [com.fullstack_venta.fullstack_venta.model.DetalleVenta:subtotal]
2026-05-10T22:57:30.951-04:00 DEBUG 17245 --- [fullstack_venta] [           main] o.h.b.model.internal.BasicValueBinder    : building BasicValue for subtotal
2026-05-10T22:57:30.951-04:00 DEBUG 17245 --- [fullstack_venta] [           main] org.hibernate.mapping.BasicValue         : Skipping column re-registration: detalle_ventas.subtotal
[...]

   Saml2RelyingPartyAutoConfiguration:
      Did not match:
         - @ConditionalOnClass did not find required class 'org.springframework.security.saml2.provider.service.registration.RelyingPartyRegistrationRepository' (OnClassCondition)

   SbomEndpointAutoConfiguration:
      Did not match:
         - @ConditionalOnAvailableEndpoint not exposed (OnAvailableEndpointCondition)

   ScheduledTasksEndpointAutoConfiguration:
      Did not match:
         - @ConditionalOnAvailableEndpoint not exposed (OnAvailableEndpointCondition)

   SecurityAutoConfiguration:
      Did not match:
         - @ConditionalOnClass did not find required class 'org.springframework.security.authentication.DefaultAuthenticationEventPublisher' (OnClassCondition)

   SecurityFilterAutoConfiguration:
      Did not match:
         - @ConditionalOnClass did not find required class 'org.springframework.security.config.http.SessionCreationPolicy' (OnClassCondition)

   SecurityRequestMatchersManagementContextConfiguration:
      Did not match:
         - @ConditionalOnClass did not find required class 'org.springframework.security.web.util.matcher.RequestMatcher' (OnClassCondition)

   SendGridAutoConfiguration:
      Did not match:
         - @ConditionalOnClass did not find required class 'com.sendgrid.SendGrid' (OnClassCondition)

   ServletEndpointManagementContextConfiguration.JerseyServletEndpointManagementContextConfiguration:
      Did not match:
         - @ConditionalOnClass did not find required class 'org.glassfish.jersey.server.ResourceConfig' (OnClassCondition)

   ServletManagementContextAutoConfiguration.ApplicationContextFilterConfiguration:
      Did not match:
         - @ConditionalOnBooleanProperty (management.server.add-application-context-header=true) did not find property 'management.server.add-application-context-header' (OnPropertyCondition)

   ServletWebServerFactoryAutoConfiguration.ForwardedHeaderFilterConfiguration:
      Did not match:
         - @ConditionalOnProperty (server.forward-headers-strategy=framework) did not find property 'server.forward-headers-strategy' (OnPropertyCondition)

   ServletWebServerFactoryConfiguration.EmbeddedJetty:
      Did not match:
         - @ConditionalOnClass did not find required classes 'org.eclipse.jetty.server.Server', 'org.eclipse.jetty.util.Loader', 'org.eclipse.jetty.ee10.webapp.WebAppContext' (OnClassCondition)

   ServletWebServerFactoryConfiguration.EmbeddedUndertow:
      Did not match:
         - @ConditionalOnClass did not find required classes 'io.undertow.Undertow', 'org.xnio.SslClientAuthMode' (OnClassCondition)

   SessionAutoConfiguration:
      Did not match:
         - @ConditionalOnClass did not find required class 'org.springframework.session.Session' (OnClassCondition)

   SessionsEndpointAutoConfiguration:
      Did not match:
         - @ConditionalOnClass did not find required class 'org.springframework.session.Session' (OnClassCondition)

   ShutdownEndpointAutoConfiguration:
      Did not match:
         - @ConditionalOnAvailableEndpoint the configured access for endpoint 'shutdown' is NONE (OnAvailableEndpointCondition)

   SignalFxMetricsExportAutoConfiguration:
      Did not match:
         - @ConditionalOnClass did not find required class 'io.micrometer.signalfx.SignalFxMeterRegistry' (OnClassCondition)

   SpringApplicationAdminJmxAutoConfiguration:
      Did not match:
         - @ConditionalOnBooleanProperty (spring.application.admin.enabled=true) did not find property 'spring.application.admin.enabled' (OnPropertyCondition)

   SslObservabilityAutoConfiguration#sslInfoProvider:
      Did not match:
         - @ConditionalOnMissingBean (types: org.springframework.boot.info.SslInfo; SearchStrategy: all) found beans of type 'org.springframework.boot.info.SslInfo' sslInfo (OnBeanCondition)

   StackdriverMetricsExportAutoConfiguration:
      Did not match:
         - @ConditionalOnClass did not find required class 'io.micrometer.stackdriver.StackdriverMeterRegistry' (OnClassCondition)

   StartupEndpointAutoConfiguration:
      Did not match:
         - ApplicationStartup configured applicationStartup is of type class org.springframework.core.metrics.DefaultApplicationStartup, expected BufferingApplicationStartup. (StartupEndpointAutoConfiguration.ApplicationStartupCondition)

   StatsdMetricsExportAutoConfiguration:
      Did not match:
         - @ConditionalOnClass did not find required class 'io.micrometer.statsd.StatsdMeterRegistry' (OnClassCondition)

   TaskExecutorConfigurations.SimpleAsyncTaskExecutorBuilderConfiguration#simpleAsyncTaskExecutorBuilderVirtualThreads:
      Did not match:
         - @ConditionalOnMissingBean (types: org.springframework.boot.task.SimpleAsyncTaskExecutorBuilder; SearchStrategy: all) found beans of type 'org.springframework.boot.task.SimpleAsyncTaskExecutorBuilder' simpleAsyncTaskExecutorBuilder (OnBeanCondition)

   TaskExecutorConfigurations.TaskExecutorConfiguration#applicationTaskExecutorVirtualThreads:
      Did not match:
         - @ConditionalOnThreading did not find VIRTUAL (OnThreadingCondition)

   TaskSchedulingAutoConfiguration#scheduledBeanLazyInitializationExcludeFilter:
      Did not match:
         - @ConditionalOnBean (names: org.springframework.context.annotation.internalScheduledAnnotationProcessor; SearchStrategy: all) did not find any beans named org.springframework.context.annotation.internalScheduledAnnotationProcessor (OnBeanCondition)

   TaskSchedulingConfigurations.SimpleAsyncTaskSchedulerBuilderConfiguration#simpleAsyncTaskSchedulerBuilderVirtualThreads:
      Did not match:
         - @ConditionalOnMissingBean (types: org.springframework.boot.task.SimpleAsyncTaskSchedulerBuilder; SearchStrategy: all) found beans of type 'org.springframework.boot.task.SimpleAsyncTaskSchedulerBuilder' simpleAsyncTaskSchedulerBuilder (OnBeanCondition)

   TaskSchedulingConfigurations.TaskSchedulerConfiguration:
      Did not match:
         - @ConditionalOnBean (names: org.springframework.context.annotation.internalScheduledAnnotationProcessor; SearchStrategy: all) did not find any beans named org.springframework.context.annotation.internalScheduledAnnotationProcessor (OnBeanCondition)

   ThreadDumpEndpointAutoConfiguration:
      Did not match:
         - @ConditionalOnAvailableEndpoint not exposed (OnAvailableEndpointCondition)

   ThymeleafAutoConfiguration:
      Did not match:
         - @ConditionalOnClass did not find required class 'org.thymeleaf.spring6.SpringTemplateEngine' (OnClassCondition)

   TransactionAutoConfiguration#transactionalOperator:
      Did not match:
         - @ConditionalOnSingleCandidate (types: org.springframework.transaction.ReactiveTransactionManager; SearchStrategy: all) did not find any beans (OnBeanCondition)

   TransactionAutoConfiguration.AspectJTransactionManagementConfiguration:
      Did not match:
         - @ConditionalOnBean (types: org.springframework.transaction.aspectj.AbstractTransactionAspect; SearchStrategy: all) did not find any beans of type org.springframework.transaction.aspectj.AbstractTransactionAspect (OnBeanCondition)

   TransactionAutoConfiguration.EnableTransactionManagementConfiguration.JdkDynamicAutoProxyConfiguration:
      Did not match:
         - @ConditionalOnBooleanProperty (spring.aop.proxy-target-class=false) did not find property 'spring.aop.proxy-target-class' (OnPropertyCondition)

   UserDetailsServiceAutoConfiguration:
      Did not match:
         - @ConditionalOnClass did not find required class 'org.springframework.security.authentication.AuthenticationManager' (OnClassCondition)

   WavefrontAutoConfiguration:
      Did not match:
         - @ConditionalOnClass did not find required class 'com.wavefront.sdk.common.application.ApplicationTags' (OnClassCondition)

   WavefrontMetricsExportAutoConfiguration:
      Did not match:
         - @ConditionalOnClass did not find required class 'com.wavefront.sdk.common.WavefrontSender' (OnClassCondition)

   WavefrontTracingAutoConfiguration:
      Did not match:
         - @ConditionalOnClass did not find required class 'com.wavefront.sdk.common.WavefrontSender' (OnClassCondition)

   WebClientAutoConfiguration:
      Did not match:
         - @ConditionalOnClass did not find required class 'org.springframework.web.reactive.function.client.WebClient' (OnClassCondition)

   WebClientObservationConfiguration:
      Did not match:
         - @ConditionalOnClass did not find required class 'org.springframework.web.reactive.function.client.WebClient' (OnClassCondition)

   WebFluxAutoConfiguration:
      Did not match:
         - @ConditionalOnClass did not find required class 'org.springframework.web.reactive.config.WebFluxConfigurer' (OnClassCondition)

   WebFluxEndpointManagementContextConfiguration:
      Did not match:
         - @ConditionalOnClass did not find required class 'org.springframework.web.reactive.DispatcherHandler' (OnClassCondition)

   WebFluxObservationAutoConfiguration:
      Did not match:
         - @ConditionalOnWebApplication did not find reactive web application classes (OnWebApplicationCondition)

   WebMvcAutoConfiguration#hiddenHttpMethodFilter:
      Did not match:
         - @ConditionalOnBooleanProperty (spring.mvc.hiddenmethod.filter.enabled=true) did not find property 'spring.mvc.hiddenmethod.filter.enabled' (OnPropertyCondition)

   WebMvcAutoConfiguration.ProblemDetailsErrorHandlingConfiguration:
      Did not match:
         - @ConditionalOnBooleanProperty (spring.mvc.problemdetails.enabled=true) did not find property 'spring.mvc.problemdetails.enabled' (OnPropertyCondition)

   WebMvcAutoConfiguration.ResourceChainCustomizerConfiguration:
      Did not match:
         - @ConditionalOnEnabledResourceChain did not find class org.webjars.WebJarVersionLocator (OnEnabledResourceChainCondition)

   WebMvcAutoConfiguration.WebMvcAutoConfigurationAdapter#beanNameViewResolver:
      Did not match:
         - @ConditionalOnMissingBean (types: org.springframework.web.servlet.view.BeanNameViewResolver; SearchStrategy: all) found beans of type 'org.springframework.web.servlet.view.BeanNameViewResolver' beanNameViewResolver (OnBeanCondition)

   WebMvcEndpointManagementContextConfiguration#managementHealthEndpointWebMvcHandlerMapping:
      Did not match:
         - Management Port actual port type (SAME) did not match required type (DIFFERENT) (OnManagementPortCondition)

   WebServiceTemplateAutoConfiguration:
      Did not match:
         - @ConditionalOnClass did not find required class 'org.springframework.oxm.Marshaller' (OnClassCondition)

   WebServicesAutoConfiguration:
      Did not match:
         - @ConditionalOnClass did not find required class 'org.springframework.ws.transport.http.MessageDispatcherServlet' (OnClassCondition)

   WebSessionIdResolverAutoConfiguration:
      Did not match:
         - @ConditionalOnClass did not find required class 'reactor.core.publisher.Mono' (OnClassCondition)

   WebSocketMessagingAutoConfiguration:
      Did not match:
         - @ConditionalOnClass did not find required class 'org.springframework.web.socket.config.annotation.WebSocketMessageBrokerConfigurer' (OnClassCondition)

   WebSocketReactiveAutoConfiguration:
      Did not match:
         - @ConditionalOnWebApplication did not find reactive web application classes (OnWebApplicationCondition)

   WebSocketServletAutoConfiguration.JettyWebSocketConfiguration:
      Did not match:
         - @ConditionalOnClass did not find required class 'org.eclipse.jetty.ee10.websocket.jakarta.server.config.JakartaWebSocketServletContainerInitializer' (OnClassCondition)

   WebSocketServletAutoConfiguration.UndertowWebSocketConfiguration:
      Did not match:
         - @ConditionalOnClass did not find required class 'io.undertow.websockets.jsr.Bootstrap' (OnClassCondition)

   XADataSourceAutoConfiguration:
      Did not match:
         - @ConditionalOnBean (types: org.springframework.boot.jdbc.XADataSourceWrapper; SearchStrategy: all) did not find any beans of type org.springframework.boot.jdbc.XADataSourceWrapper (OnBeanCondition)
      Matched:
         - @ConditionalOnClass found required classes 'javax.sql.DataSource', 'jakarta.transaction.TransactionManager', 'org.springframework.jdbc.datasource.embedded.EmbeddedDatabaseType' (OnClassCondition)

   ZipkinAutoConfiguration:
      Did not match:
         - @ConditionalOnClass did not find required class 'zipkin2.reporter.Encoding' (OnClassCondition)


Exclusions:
-----------

    None


Unconditional classes:
----------------------

    org.springframework.boot.autoconfigure.context.ConfigurationPropertiesAutoConfiguration

    org.springframework.boot.actuate.autoconfigure.availability.AvailabilityHealthContributorAutoConfiguration

    org.springframework.boot.autoconfigure.ssl.SslAutoConfiguration

    org.springframework.boot.actuate.autoconfigure.info.InfoContributorAutoConfiguration

    org.springframework.boot.autoconfigure.context.PropertyPlaceholderAutoConfiguration

    org.springframework.boot.autoconfigure.context.LifecycleAutoConfiguration

    org.springframework.boot.actuate.autoconfigure.health.HealthContributorAutoConfiguration

    org.springframework.boot.actuate.autoconfigure.metrics.integration.IntegrationMetricsAutoConfiguration

    org.springframework.boot.actuate.autoconfigure.endpoint.EndpointAutoConfiguration

    org.springframework.boot.autoconfigure.availability.ApplicationAvailabilityAutoConfiguration

    org.springframework.boot.autoconfigure.info.ProjectInfoAutoConfiguration

    org.springframework.boot.actuate.autoconfigure.web.server.ManagementContextAutoConfiguration



2026-05-10T22:57:33.284-04:00  INFO 17245 --- [fullstack_venta] [           main] c.f.f.FullstackVentaApplicationTests     : Started FullstackVentaApplicationTests in 6.148 seconds (process running for 10.945)
2026-05-10T22:57:33.288-04:00 DEBUG 17245 --- [fullstack_venta] [           main] o.s.b.a.ApplicationAvailabilityBean      : Application availability state LivenessState changed to CORRECT
2026-05-10T22:57:33.289-04:00 DEBUG 17245 --- [fullstack_venta] [           main] o.s.b.a.ApplicationAvailabilityBean      : Application availability state ReadinessState changed to ACCEPTING_TRAFFIC
2026-05-10T22:57:33.289-04:00 DEBUG 17245 --- [fullstack_venta] [           main] org.springframework.test.context.cache   : Spring test ApplicationContext cache statistics: [DefaultContextCache@5c4f4330 size = 2, maxSize = 32, parentContextCount = 0, hitCount = 99, missCount = 2, failureCount = 0]
2026-05-10T22:57:33.289-04:00 DEBUG 17245 --- [fullstack_venta] [           main] o.s.t.c.w.ServletTestExecutionListener   : Setting up MockHttpServletRequest, MockHttpServletResponse, ServletWebRequest, and RequestContextHolder for test class com.fullstack_venta.fullstack_venta.FullstackVentaApplicationTests
2026-05-10T22:57:33.290-04:00 DEBUG 17245 --- [fullstack_venta] [           main] DependencyInjectionTestExecutionListener : Performing dependency injection for test class com.fullstack_venta.fullstack_venta.FullstackVentaApplicationTests
2026-05-10T22:57:33.290-04:00 DEBUG 17245 --- [fullstack_venta] [           main] org.springframework.test.context.cache   : Spring test ApplicationContext cache statistics: [DefaultContextCache@5c4f4330 size = 2, maxSize = 32, parentContextCount = 0, hitCount = 100, missCount = 2, failureCount = 0]
2026-05-10T22:57:33.290-04:00 DEBUG 17245 --- [fullstack_venta] [           main] org.springframework.test.context.cache   : Spring test ApplicationContext cache statistics: [DefaultContextCache@5c4f4330 size = 2, maxSize = 32, parentContextCount = 0, hitCount = 101, missCount = 2, failureCount = 0]
2026-05-10T22:57:33.292-04:00 DEBUG 17245 --- [fullstack_venta] [           main] sContextBeforeModesTestExecutionListener : Before test method: class [FullstackVentaApplicationTests], method [contextLoads], class annotated with @DirtiesContext [false] with mode [null], method annotated with @DirtiesContext [false] with mode [null]
2026-05-10T22:57:33.293-04:00 DEBUG 17245 --- [fullstack_venta] [           main] org.springframework.test.context.cache   : Spring test ApplicationContext cache statistics: [DefaultContextCache@5c4f4330 size = 2, maxSize = 32, parentContextCount = 0, hitCount = 102, missCount = 2, failureCount = 0]
2026-05-10T22:57:33.293-04:00 DEBUG 17245 --- [fullstack_venta] [           main] org.springframework.test.context.cache   : Spring test ApplicationContext cache statistics: [DefaultContextCache@5c4f4330 size = 2, maxSize = 32, parentContextCount = 0, hitCount = 103, missCount = 2, failureCount = 0]
2026-05-10T22:57:33.297-04:00 DEBUG 17245 --- [fullstack_venta] [           main] org.springframework.test.context.cache   : Spring test ApplicationContext cache statistics: [DefaultContextCache@5c4f4330 size = 2, maxSize = 32, parentContextCount = 0, hitCount = 104, missCount = 2, failureCount = 0]
2026-05-10T22:57:33.299-04:00 DEBUG 17245 --- [fullstack_venta] [           main] org.springframework.test.context.cache   : Spring test ApplicationContext cache statistics: [DefaultContextCache@5c4f4330 size = 2, maxSize = 32, parentContextCount = 0, hitCount = 105, missCount = 2, failureCount = 0]
2026-05-10T22:57:33.300-04:00 DEBUG 17245 --- [fullstack_venta] [           main] org.springframework.test.context.cache   : Spring test ApplicationContext cache statistics: [DefaultContextCache@5c4f4330 size = 2, maxSize = 32, parentContextCount = 0, hitCount = 106, missCount = 2, failureCount = 0]
2026-05-10T22:57:33.300-04:00 DEBUG 17245 --- [fullstack_venta] [           main] org.springframework.test.context.cache   : Spring test ApplicationContext cache statistics: [DefaultContextCache@5c4f4330 size = 2, maxSize = 32, parentContextCount = 0, hitCount = 107, missCount = 2, failureCount = 0]
2026-05-10T22:57:33.302-04:00 DEBUG 17245 --- [fullstack_venta] [           main] org.springframework.test.context.cache   : Spring test ApplicationContext cache statistics: [DefaultContextCache@5c4f4330 size = 2, maxSize = 32, parentContextCount = 0, hitCount = 108, missCount = 2, failureCount = 0]
2026-05-10T22:57:33.302-04:00 DEBUG 17245 --- [fullstack_venta] [           main] org.springframework.test.context.cache   : Spring test ApplicationContext cache statistics: [DefaultContextCache@5c4f4330 size = 2, maxSize = 32, parentContextCount = 0, hitCount = 109, missCount = 2, failureCount = 0]
2026-05-10T22:57:33.302-04:00 DEBUG 17245 --- [fullstack_venta] [           main] org.springframework.test.context.cache   : Spring test ApplicationContext cache statistics: [DefaultContextCache@5c4f4330 size = 2, maxSize = 32, parentContextCount = 0, hitCount = 110, missCount = 2, failureCount = 0]
2026-05-10T22:57:33.303-04:00 DEBUG 17245 --- [fullstack_venta] [           main] org.springframework.test.context.cache   : Spring test ApplicationContext cache statistics: [DefaultContextCache@5c4f4330 size = 2, maxSize = 32, parentContextCount = 0, hitCount = 111, missCount = 2, failureCount = 0]
2026-05-10T22:57:33.304-04:00 DEBUG 17245 --- [fullstack_venta] [           main] org.springframework.test.context.cache   : Spring test ApplicationContext cache statistics: [DefaultContextCache@5c4f4330 size = 2, maxSize = 32, parentContextCount = 0, hitCount = 112, missCount = 2, failureCount = 0]
2026-05-10T22:57:33.304-04:00 DEBUG 17245 --- [fullstack_venta] [           main] .c.s.DirtiesContextTestExecutionListener : After test method: class [FullstackVentaApplicationTests], method [contextLoads], class annotated with @DirtiesContext [false] with mode [null], method annotated with @DirtiesContext [false] with mode [null]
2026-05-10T22:57:33.305-04:00 DEBUG 17245 --- [fullstack_venta] [           main] o.s.t.c.w.ServletTestExecutionListener   : Resetting RequestContextHolder for test class com.fullstack_venta.fullstack_venta.FullstackVentaApplicationTests
]]></system-out>
  </testcase>
</testsuite>